#
# There is insufficient memory for the Java Runtime Environment to continue.
# Native memory allocation (mmap) failed to map 109051904 bytes for Failed to commit area from 0x0000000706000000 to 0x000000070c800000 of length 109051904.
# Possible reasons:
#   The system is out of physical RAM or swap space
#   The process is running with CompressedOops enabled, and the Java Heap may be blocking the growth of the native heap
# Possible solutions:
#   Reduce memory load on the system
#   Increase physical memory or swap space
#   Check if swap backing store is full
#   Decrease Java heap size (-Xmx/-Xms)
#   Decrease number of Java threads
#   Decrease Java thread stack sizes (-Xss)
#   Set larger code cache with -XX:ReservedCodeCacheSize=
#   JVM is running with Zero Based Compressed Oops mode in which the Java heap is
#     placed in the first 32GB address space. The Java Heap base address is the
#     maximum limit for the native heap growth. Please use -XX:HeapBaseMinAddress
#     to set the Java Heap base and to place the Java Heap above 32GB virtual address.
# This output file may be truncated or incomplete.
#
#  Out of Memory Error (./src/hotspot/os/windows/os_windows.cpp:3380), pid=31180, tid=7540
#
# JRE version: OpenJDK Runtime Environment Microsoft-25199 (11.0.12+7) (build 11.0.12+7)
# Java VM: OpenJDK 64-Bit Server VM Microsoft-25199 (11.0.12+7, mixed mode, tiered, compressed oops, g1 gc, windows-amd64)
# No core dump will be written. Minidumps are not enabled by default on client versions of Windows
#

---------------  S U M M A R Y ------------

Command Line: -Dapplication.home=C:\Program Files\Microsoft\jdk-11.0.12.7-hotspot --add-modules=ALL-DEFAULT -Xms8m -Dfile.encoding=UTF8 -Djdk.module.main=jdk.compiler jdk.compiler/com.sun.tools.javac.Main @C:\Users\NIYYA\AppData\Local\Temp\tmp663A.tmp -target 1.8 -source 1.8

Host: Intel(R) Core(TM) i7-9750H CPU @ 2.60GHz, 12 cores, 15G,  Windows 10 , 64 bit Build 19041 (10.0.19041.1806)
Time: Sun Jan  8 11:11:43 2023 SE Asia Standard Time elapsed time: 1.945677 seconds (0d 0h 0m 1s)

---------------  T H R E A D  ---------------

Current thread (0x0000027bff9d4000):  VMThread "VM Thread" [stack: 0x0000008915900000,0x0000008915a00000] [id=7540]

Stack: [0x0000008915900000,0x0000008915a00000]
[error occurred during error reporting (printing stack bounds), id 0xc0000005, EXCEPTION_ACCESS_VIOLATION (0xc0000005) at pc=0x0000027be787112d]

Native frames: (J=compiled Java code, j=interpreted, Vv=VM code, C=native code)
V  [jvm.dll+0x6090fa]
V  [jvm.dll+0x79229e]
V  [jvm.dll+0x79396f]
V  [jvm.dll+0x793f95]
V  [jvm.dll+0x793f4b]
V  [jvm.dll+0x608487]
V  [jvm.dll+0x608b98]
C  [ntdll.dll+0xa229f]
C  [ntdll.dll+0x51454]
C  [ntdll.dll+0xa0dce]
C  0x0000027be787112d

VM_Operation (0x00000089153fdec0): G1CollectForAllocation, mode: safepoint, requested by thread 0x0000027bdf14b000


---------------  P R O C E S S  ---------------

Threads class SMR info:
_java_thread_list=0x0000027b84be2da0, length=12, elements={
0x0000027bdf14b000, 0x0000027bffa09800, 0x0000027bffa12800, 0x0000027bffa69000,
0x0000027bffa02000, 0x0000027bffa04000, 0x0000027bffa19000, 0x0000027bffb70800,
0x0000027bffb72000, 0x0000027bffcd6000, 0x0000027bffd07000, 0x0000027b84ba4800
}

Java Threads: ( => current thread )
  0x0000027bdf14b000 JavaThread "main" [_thread_blocked, id=17344, stack(0x0000008915300000,0x0000008915400000)]
  0x0000027bffa09800 JavaThread "Reference Handler" daemon [_thread_blocked, id=10212, stack(0x0000008915a00000,0x0000008915b00000)]
  0x0000027bffa12800 JavaThread "Finalizer" daemon [_thread_blocked, id=4808, stack(0x0000008915b00000,0x0000008915c00000)]
  0x0000027bffa69000 JavaThread "Signal Dispatcher" daemon [_thread_blocked, id=21712, stack(0x0000008915c00000,0x0000008915d00000)]
  0x0000027bffa02000 JavaThread "Attach Listener" daemon [_thread_blocked, id=14892, stack(0x0000008915d00000,0x0000008915e00000)]
  0x0000027bffa04000 JavaThread "Service Thread" daemon [_thread_blocked, id=27384, stack(0x0000008915e00000,0x0000008915f00000)]
  0x0000027bffa19000 JavaThread "C2 CompilerThread0" daemon [_thread_blocked, id=16376, stack(0x0000008915f00000,0x0000008916000000)]
  0x0000027bffb70800 JavaThread "C1 CompilerThread0" daemon [_thread_blocked, id=29452, stack(0x0000008916000000,0x0000008916100000)]
  0x0000027bffb72000 JavaThread "Sweeper thread" daemon [_thread_blocked, id=32692, stack(0x0000008916100000,0x0000008916200000)]
  0x0000027bffcd6000 JavaThread "Common-Cleaner" daemon [_thread_blocked, id=5456, stack(0x0000008916200000,0x0000008916300000)]
  0x0000027bffd07000 JavaThread "C2 CompilerThread1" daemon [_thread_blocked, id=7080, stack(0x0000008916300000,0x0000008916400000)]
  0x0000027b84ba4800 JavaThread "C2 CompilerThread2" daemon [_thread_blocked, id=15888, stack(0x0000008916600000,0x0000008916700000)]

Other Threads:
=>0x0000027bff9d4000 VMThread "VM Thread" [stack: 0x0000008915900000,0x0000008915a00000] [id=7540]
  0x0000027bffd99000 WatcherThread [stack: 0x0000008916400000,0x0000008916500000] [id=2864]
  0x0000027bdf164800 GCTaskThread "GC Thread#0" [stack: 0x0000008915400000,0x0000008915500000] [id=14240]
  0x0000027b84846000 GCTaskThread "GC Thread#1" [stack: 0x0000008916500000,0x0000008916600000] [id=14464]
  0x0000027bdf1c3000 ConcurrentGCThread "G1 Main Marker" [stack: 0x0000008915500000,0x0000008915600000] [id=26720]
  0x0000027bdf1c4800 ConcurrentGCThread "G1 Conc#0" [stack: 0x0000008915600000,0x0000008915700000] [id=9752]
  0x0000027b8577c000 ConcurrentGCThread "G1 Conc#1" [stack: 0x0000008916700000,0x0000008916800000] [id=29576]
  0x0000027b84ea8000 ConcurrentGCThread "G1 Conc#2" [stack: 0x0000008916800000,0x0000008916900000] [id=25564]
  0x0000027bdf1fb800 ConcurrentGCThread "G1 Refine#0" [stack: 0x0000008915700000,0x0000008915800000] [id=30188]
  0x0000027b87021000 ConcurrentGCThread "G1 Refine#1" [stack: 0x0000008916900000,0x0000008916a00000] [id=29980]
  0x0000027bdf1fd800 ConcurrentGCThread "G1 Young RemSet Sampling" [stack: 0x0000008915800000,0x0000008915900000] [id=6360]

Threads with active compile tasks:
C2 CompilerThread0   1955 2081       4       com.sun.tools.javac.comp.MemberEnter::initEnv (126 bytes)
C2 CompilerThread1   1955 2132       4       com.sun.tools.javac.comp.Check::checkUnique (288 bytes)
C2 CompilerThread2   1955 2062       4       com.sun.tools.javac.code.Scope$ScopeImpl::enter (108 bytes)

VM state:at safepoint (normal execution)

VM Mutex/Monitor currently owned by a thread:  ([mutex/lock_event])
[0x0000027bdf1486c0] Threads_lock - owner thread: 0x0000027bff9d4000
[0x0000027bdf148900] Heap_lock - owner thread: 0x0000027bdf14b000

Heap address: 0x0000000701400000, size: 4076 MB, Compressed Oops mode: Zero based, Oop shift amount: 3
Narrow klass base: 0x0000000800000000, Narrow klass shift: 0
Compressed class space size: 1073741824 Address: 0x0000000800000000

Heap:
 garbage-first heap   total 184320K, used 54272K [0x0000000701400000, 0x0000000800000000)
  region size 1024K, 2 young (2048K), 2 survivors (2048K)
 Metaspace       used 15773K, capacity 16124K, committed 16384K, reserved 1064960K
  class space    used 1582K, capacity 1695K, committed 1792K, reserved 1048576K
Heap Regions: E=young(eden), S=young(survivor), O=old, HS=humongous(starts), HC=humongous(continues), CS=collection set, F=free, A=archive, TAMS=top-at-mark-start (previous, next)
|   0|0x0000000701400000, 0x0000000701500000, 0x0000000701500000|100%| O|  |TAMS 0x0000000701500000, 0x0000000701500000| Untracked 
|   1|0x0000000701500000, 0x0000000701600000, 0x0000000701600000|100%| O|  |TAMS 0x0000000701600000, 0x0000000701600000| Untracked 
|   2|0x0000000701600000, 0x0000000701700000, 0x0000000701700000|100%| O|  |TAMS 0x0000000701700000, 0x0000000701700000| Untracked 
|   3|0x0000000701700000, 0x0000000701800000, 0x0000000701800000|100%| O|  |TAMS 0x0000000701800000, 0x0000000701800000| Untracked 
|   4|0x0000000701800000, 0x0000000701900000, 0x0000000701900000|100%| O|  |TAMS 0x0000000701900000, 0x0000000701900000| Untracked 
|   5|0x0000000701900000, 0x0000000701a00000, 0x0000000701a00000|100%| O|  |TAMS 0x0000000701a00000, 0x0000000701a00000| Untracked 
|   6|0x0000000701a00000, 0x0000000701b00000, 0x0000000701b00000|100%| O|  |TAMS 0x0000000701b00000, 0x0000000701b00000| Untracked 
|   7|0x0000000701b00000, 0x0000000701c00000, 0x0000000701c00000|100%| O|  |TAMS 0x0000000701c00000, 0x0000000701c00000| Untracked 
|   8|0x0000000701c00000, 0x0000000701d00000, 0x0000000701d00000|100%| O|  |TAMS 0x0000000701d00000, 0x0000000701d00000| Untracked 
|   9|0x0000000701d00000, 0x0000000701e00000, 0x0000000701e00000|100%|HS|  |TAMS 0x0000000701e00000, 0x0000000701e00000| Complete 
|  10|0x0000000701e00000, 0x0000000701f00000, 0x0000000701f00000|100%|HC|  |TAMS 0x0000000701f00000, 0x0000000701f00000| Complete 
|  11|0x0000000701f00000, 0x0000000702000000, 0x0000000702000000|100%|HC|  |TAMS 0x0000000702000000, 0x0000000702000000| Complete 
|  12|0x0000000702000000, 0x0000000702100000, 0x0000000702100000|100%|HS|  |TAMS 0x0000000702100000, 0x0000000702100000| Complete 
|  13|0x0000000702100000, 0x0000000702200000, 0x0000000702200000|100%|HC|  |TAMS 0x0000000702200000, 0x0000000702200000| Complete 
|  14|0x0000000702200000, 0x0000000702300000, 0x0000000702300000|100%|HC|  |TAMS 0x0000000702300000, 0x0000000702300000| Complete 
|  15|0x0000000702300000, 0x0000000702400000, 0x0000000702400000|100%|HC|  |TAMS 0x0000000702400000, 0x0000000702400000| Complete 
|  16|0x0000000702400000, 0x0000000702500000, 0x0000000702500000|100%|HC|  |TAMS 0x0000000702500000, 0x0000000702500000| Complete 
|  17|0x0000000702500000, 0x0000000702600000, 0x0000000702600000|100%| O|  |TAMS 0x00000007025b1400, 0x0000000702600000| Untracked 
|  18|0x0000000702600000, 0x0000000702700000, 0x0000000702700000|100%|HS|  |TAMS 0x0000000702600000, 0x0000000702700000| Complete 
|  19|0x0000000702700000, 0x0000000702800000, 0x0000000702800000|100%|HS|  |TAMS 0x0000000702700000, 0x0000000702800000| Complete 
|  20|0x0000000702800000, 0x0000000702900000, 0x0000000702900000|100%| O|  |TAMS 0x0000000702800000, 0x0000000702900000| Untracked 
|  21|0x0000000702900000, 0x0000000702a00000, 0x0000000702a00000|100%| O|  |TAMS 0x0000000702900000, 0x0000000702a00000| Untracked 
|  22|0x0000000702a00000, 0x0000000702b00000, 0x0000000702b00000|100%|HS|  |TAMS 0x0000000702a00000, 0x0000000702b00000| Complete 
|  23|0x0000000702b00000, 0x0000000702c00000, 0x0000000702c00000|100%|HC|  |TAMS 0x0000000702b00000, 0x0000000702c00000| Complete 
|  24|0x0000000702c00000, 0x0000000702d00000, 0x0000000702d00000|100%| O|  |TAMS 0x0000000702c00000, 0x0000000702d00000| Untracked 
|  25|0x0000000702d00000, 0x0000000702e00000, 0x0000000702e00000|100%| O|  |TAMS 0x0000000702d00000, 0x0000000702e00000| Untracked 
|  26|0x0000000702e00000, 0x0000000702f00000, 0x0000000702f00000|100%| O|  |TAMS 0x0000000702e00000, 0x0000000702f00000| Untracked 
|  27|0x0000000702f00000, 0x0000000703000000, 0x0000000703000000|100%| O|  |TAMS 0x0000000702f00000, 0x0000000703000000| Untracked 
|  28|0x0000000703000000, 0x0000000703100000, 0x0000000703100000|100%| O|  |TAMS 0x0000000703000000, 0x0000000703100000| Untracked 
|  29|0x0000000703100000, 0x0000000703200000, 0x0000000703200000|100%| O|  |TAMS 0x0000000703100000, 0x0000000703200000| Untracked 
|  30|0x0000000703200000, 0x0000000703300000, 0x0000000703300000|100%| O|  |TAMS 0x0000000703200000, 0x0000000703300000| Untracked 
|  31|0x0000000703300000, 0x0000000703400000, 0x0000000703400000|100%| O|  |TAMS 0x0000000703300000, 0x0000000703400000| Untracked 
|  32|0x0000000703400000, 0x0000000703500000, 0x0000000703500000|100%| O|  |TAMS 0x0000000703400000, 0x0000000703500000| Untracked 
|  33|0x0000000703500000, 0x0000000703600000, 0x0000000703600000|100%| O|  |TAMS 0x0000000703500000, 0x0000000703600000| Untracked 
|  34|0x0000000703600000, 0x0000000703700000, 0x0000000703700000|100%| O|  |TAMS 0x0000000703600000, 0x0000000703700000| Untracked 
|  35|0x0000000703700000, 0x0000000703800000, 0x0000000703800000|100%| O|  |TAMS 0x0000000703700000, 0x0000000703800000| Untracked 
|  36|0x0000000703800000, 0x0000000703900000, 0x0000000703900000|100%| O|  |TAMS 0x0000000703800000, 0x0000000703900000| Untracked 
|  37|0x0000000703900000, 0x0000000703a00000, 0x0000000703a00000|100%| O|  |TAMS 0x0000000703900000, 0x0000000703a00000| Untracked 
|  38|0x0000000703a00000, 0x0000000703b00000, 0x0000000703b00000|100%| O|  |TAMS 0x0000000703a00000, 0x0000000703b00000| Untracked 
|  39|0x0000000703b00000, 0x0000000703c00000, 0x0000000703c00000|100%| O|  |TAMS 0x0000000703b00000, 0x0000000703c00000| Untracked 
|  40|0x0000000703c00000, 0x0000000703d00000, 0x0000000703d00000|100%| O|  |TAMS 0x0000000703c00000, 0x0000000703d00000| Untracked 
|  41|0x0000000703d00000, 0x0000000703e00000, 0x0000000703e00000|100%| O|  |TAMS 0x0000000703d00000, 0x0000000703e00000| Untracked 
|  42|0x0000000703e00000, 0x0000000703f00000, 0x0000000703f00000|100%| O|  |TAMS 0x0000000703e00000, 0x0000000703f00000| Untracked 
|  43|0x0000000703f00000, 0x0000000704000000, 0x0000000704000000|100%| O|  |TAMS 0x0000000703f00000, 0x0000000704000000| Untracked 
|  44|0x0000000704000000, 0x0000000704100000, 0x0000000704100000|100%| O|  |TAMS 0x0000000704000000, 0x0000000704100000| Untracked 
|  45|0x0000000704100000, 0x0000000704200000, 0x0000000704200000|100%| O|  |TAMS 0x0000000704100000, 0x0000000704200000| Untracked 
|  46|0x0000000704200000, 0x0000000704300000, 0x0000000704300000|100%| O|  |TAMS 0x0000000704200000, 0x0000000704300000| Untracked 
|  47|0x0000000704300000, 0x0000000704400000, 0x0000000704400000|100%| O|  |TAMS 0x0000000704300000, 0x0000000704400000| Untracked 
|  48|0x0000000704400000, 0x0000000704500000, 0x0000000704500000|100%| O|  |TAMS 0x0000000704400000, 0x0000000704500000| Untracked 
|  49|0x0000000704500000, 0x0000000704600000, 0x0000000704600000|100%| O|  |TAMS 0x0000000704500000, 0x0000000704600000| Untracked 
|  50|0x0000000704600000, 0x0000000704700000, 0x0000000704700000|100%| O|  |TAMS 0x0000000704600000, 0x0000000704700000| Untracked 
|  51|0x0000000704700000, 0x0000000704700000, 0x0000000704800000|  0%| F|  |TAMS 0x0000000704700000, 0x0000000704700000| Untracked 
|  52|0x0000000704800000, 0x0000000704800000, 0x0000000704900000|  0%| F|  |TAMS 0x0000000704800000, 0x0000000704800000| Untracked 
|  53|0x0000000704900000, 0x0000000704900000, 0x0000000704a00000|  0%| F|  |TAMS 0x0000000704900000, 0x0000000704900000| Untracked 
|  54|0x0000000704a00000, 0x0000000704a00000, 0x0000000704b00000|  0%| F|  |TAMS 0x0000000704a00000, 0x0000000704a00000| Untracked 
|  55|0x0000000704b00000, 0x0000000704b00000, 0x0000000704c00000|  0%| F|  |TAMS 0x0000000704b00000, 0x0000000704b00000| Untracked 
|  56|0x0000000704c00000, 0x0000000704c00000, 0x0000000704d00000|  0%| F|  |TAMS 0x0000000704c00000, 0x0000000704c00000| Untracked 
|  57|0x0000000704d00000, 0x0000000704d00000, 0x0000000704e00000|  0%| F|  |TAMS 0x0000000704d00000, 0x0000000704d00000| Untracked 
|  58|0x0000000704e00000, 0x0000000704e00000, 0x0000000704f00000|  0%| F|  |TAMS 0x0000000704e00000, 0x0000000704e00000| Untracked 
|  59|0x0000000704f00000, 0x0000000704f00000, 0x0000000705000000|  0%| F|  |TAMS 0x0000000704f00000, 0x0000000704f00000| Untracked 
|  60|0x0000000705000000, 0x0000000705000000, 0x0000000705100000|  0%| F|  |TAMS 0x0000000705000000, 0x0000000705000000| Untracked 
|  61|0x0000000705100000, 0x0000000705100000, 0x0000000705200000|  0%| F|  |TAMS 0x0000000705100000, 0x0000000705100000| Untracked 
|  62|0x0000000705200000, 0x0000000705200000, 0x0000000705300000|  0%| F|  |TAMS 0x0000000705200000, 0x0000000705200000| Untracked 
|  63|0x0000000705300000, 0x0000000705300000, 0x0000000705400000|  0%| F|  |TAMS 0x0000000705300000, 0x0000000705300000| Untracked 
|  64|0x0000000705400000, 0x0000000705400000, 0x0000000705500000|  0%| F|  |TAMS 0x0000000705400000, 0x0000000705400000| Untracked 
|  65|0x0000000705500000, 0x0000000705600000, 0x0000000705600000|100%| S|CS|TAMS 0x0000000705500000, 0x0000000705500000| Complete 
|  66|0x0000000705600000, 0x0000000705700000, 0x0000000705700000|100%| S|CS|TAMS 0x0000000705600000, 0x0000000705600000| Complete 
|  67|0x0000000705700000, 0x0000000705700000, 0x0000000705800000|  0%| F|  |TAMS 0x0000000705700000, 0x0000000705700000| Untracked 
|  68|0x0000000705800000, 0x0000000705800000, 0x0000000705900000|  0%| F|  |TAMS 0x0000000705800000, 0x0000000705800000| Untracked 
|  69|0x0000000705900000, 0x0000000705900000, 0x0000000705a00000|  0%| F|  |TAMS 0x0000000705900000, 0x0000000705900000| Untracked 
|  70|0x0000000705a00000, 0x0000000705a00000, 0x0000000705b00000|  0%| F|  |TAMS 0x0000000705a00000, 0x0000000705a00000| Untracked 
|  71|0x0000000705b00000, 0x0000000705b00000, 0x0000000705c00000|  0%| F|  |TAMS 0x0000000705b00000, 0x0000000705b00000| Untracked 
|  72|0x0000000705c00000, 0x0000000705c00000, 0x0000000705d00000|  0%| F|  |TAMS 0x0000000705c00000, 0x0000000705c00000| Untracked 
|  73|0x0000000705d00000, 0x0000000705d00000, 0x0000000705e00000|  0%| F|  |TAMS 0x0000000705d00000, 0x0000000705d00000| Untracked 
|  74|0x0000000705e00000, 0x0000000705e00000, 0x0000000705f00000|  0%| F|  |TAMS 0x0000000705e00000, 0x0000000705e00000| Untracked 
|  75|0x0000000705f00000, 0x0000000705f00000, 0x0000000706000000|  0%| F|  |TAMS 0x0000000705f00000, 0x0000000705f00000| Untracked 

Card table byte_map: [0x0000027bf7d00000,0x0000027bf8500000] _byte_map_base: 0x0000027bf44f6000

Marking Bits (Prev, Next): (CMBitMap*) 0x0000027bdf1b24f0, (CMBitMap*) 0x0000027bdf1b24b8
 Prev Bits: [0x0000027b80000000, 0x0000027b83fb0000)
 Next Bits: [0x0000027bf8d00000, 0x0000027bfccb0000)

Polling page: 0x0000027bdd900000

Metaspace:

Usage:
  Non-class:     14.09 MB capacity,    13.86 MB ( 98%) used,   211.32 KB (  1%) free+waste,    26.00 KB ( <1%) overhead. 
      Class:      1.66 MB capacity,     1.54 MB ( 93%) used,   101.44 KB (  6%) free+waste,    11.50 KB ( <1%) overhead. 
       Both:     15.75 MB capacity,    15.40 MB ( 98%) used,   312.76 KB (  2%) free+waste,    37.50 KB ( <1%) overhead. 

Virtual space:
  Non-class space:       16.00 MB reserved,      14.25 MB ( 89%) committed 
      Class space:        1.00 GB reserved,       1.75 MB ( <1%) committed 
             Both:        1.02 GB reserved,      16.00 MB (  2%) committed 

Chunk freelists:
   Non-Class:  35.00 KB
       Class:  1.00 KB
        Both:  36.00 KB

MaxMetaspaceSize: 17179869184.00 GB
CompressedClassSpaceSize: 1.00 GB
Initial GC threshold: 20.80 MB
Current GC threshold: 22.92 MB
CDS: off

CodeHeap 'non-profiled nmethods': size=120000Kb used=1106Kb max_used=1106Kb free=118893Kb
 bounds [0x0000027bef340000, 0x0000027bef5b0000, 0x0000027bf6870000]
CodeHeap 'profiled nmethods': size=120000Kb used=4888Kb max_used=4888Kb free=115111Kb
 bounds [0x0000027be7e10000, 0x0000027be82e0000, 0x0000027bef340000]
CodeHeap 'non-nmethods': size=5760Kb used=1157Kb max_used=1201Kb free=4603Kb
 bounds [0x0000027be7870000, 0x0000027be7ae0000, 0x0000027be7e10000]
 total_blobs=2509 nmethods=2106 adapters=315
 compilation: enabled
              stopped_count=0, restarted_count=0
 full_count=0

Compilation events (20 events):
Event: 1.921 Thread 0x0000027bffb70800 2137       2       com.sun.tools.javac.code.Type$MethodType::isErroneous (33 bytes)
Event: 1.921 Thread 0x0000027bffb70800 nmethod 2137 0x0000027be82d3010 code [0x0000027be82d31e0, 0x0000027be82d3478]
Event: 1.922 Thread 0x0000027bffb70800 2142       2       com.sun.tools.javac.tree.JCTree$Visitor::visitNewArray (6 bytes)
Event: 1.922 Thread 0x0000027bffb70800 nmethod 2142 0x0000027be82d3610 code [0x0000027be82d37c0, 0x0000027be82d38e8]
Event: 1.922 Thread 0x0000027bffb70800 2143       2       com.sun.tools.javac.comp.MemberEnter$InitTreeVisitor::visitTree (6 bytes)
Event: 1.922 Thread 0x0000027bffb70800 nmethod 2143 0x0000027be82d3990 code [0x0000027be82d3b40, 0x0000027be82d3c38]
Event: 1.922 Thread 0x0000027bffb70800 2144       2       com.sun.tools.javac.code.Type$ArrayType::isErroneous (8 bytes)
Event: 1.922 Thread 0x0000027bffb70800 nmethod 2144 0x0000027be82d3d10 code [0x0000027be82d3ec0, 0x0000027be82d3fe8]
Event: 1.923 Thread 0x0000027bffb70800 2145       2       java.util.Collections$UnmodifiableCollection::iterator (9 bytes)
Event: 1.923 Thread 0x0000027bffb70800 nmethod 2145 0x0000027be82d4090 code [0x0000027be82d4260, 0x0000027be82d44c8]
Event: 1.923 Thread 0x0000027bffb70800 2146       2       java.util.Collections$UnmodifiableCollection$1::<init> (26 bytes)
Event: 1.923 Thread 0x0000027bffb70800 nmethod 2146 0x0000027be82d4590 code [0x0000027be82d4760, 0x0000027be82d4968]
Event: 1.923 Thread 0x0000027bffb70800 2148       2       com.sun.tools.javac.code.Type$ClassType::isErroneous (50 bytes)
Event: 1.923 Thread 0x0000027bffb70800 nmethod 2148 0x0000027be82d4a90 code [0x0000027be82d4c80, 0x0000027be82d4f88]
Event: 1.923 Thread 0x0000027bffb70800 2147       2       java.util.LinkedHashMap$LinkedHashIterator::<init> (31 bytes)
Event: 1.924 Thread 0x0000027bffb70800 nmethod 2147 0x0000027be82d5110 code [0x0000027be82d52c0, 0x0000027be82d54d8]
Event: 1.926 Thread 0x0000027bffb70800 2149       2       com.sun.tools.javac.util.List::prependList (87 bytes)
Event: 1.926 Thread 0x0000027bffb70800 nmethod 2149 0x0000027be82d5590 code [0x0000027be82d57a0, 0x0000027be82d5cb8]
Event: 1.927 Thread 0x0000027bffb70800 2150       2       com.sun.tools.javac.tree.TreeScanner::<init> (5 bytes)
Event: 1.927 Thread 0x0000027bffb70800 nmethod 2150 0x0000027be82d5f10 code [0x0000027be82d60c0, 0x0000027be82d61b8]

GC Heap History (20 events):
Event: 1.083 GC heap after
{Heap after GC invocations=23 (full 0):
 garbage-first heap   total 20480K, used 17157K [0x0000000701400000, 0x0000000800000000)
  region size 1024K, 1 young (1024K), 1 survivors (1024K)
 Metaspace       used 13766K, capacity 14004K, committed 14080K, reserved 1062912K
  class space    used 1435K, capacity 1503K, committed 1536K, reserved 1048576K
}
Event: 1.088 GC heap before
{Heap before GC invocations=23 (full 0):
 garbage-first heap   total 20480K, used 18181K [0x0000000701400000, 0x0000000800000000)
  region size 1024K, 2 young (2048K), 1 survivors (1024K)
 Metaspace       used 13767K, capacity 14004K, committed 14080K, reserved 1062912K
  class space    used 1435K, capacity 1503K, committed 1536K, reserved 1048576K
}
Event: 1.089 GC heap after
{Heap after GC invocations=24 (full 0):
 garbage-first heap   total 20480K, used 17233K [0x0000000701400000, 0x0000000800000000)
  region size 1024K, 1 young (1024K), 1 survivors (1024K)
 Metaspace       used 13767K, capacity 14004K, committed 14080K, reserved 1062912K
  class space    used 1435K, capacity 1503K, committed 1536K, reserved 1048576K
}
Event: 1.100 GC heap before
{Heap before GC invocations=25 (full 0):
 garbage-first heap   total 20480K, used 17233K [0x0000000701400000, 0x0000000800000000)
  region size 1024K, 2 young (2048K), 1 survivors (1024K)
 Metaspace       used 13768K, capacity 14004K, committed 14080K, reserved 1062912K
  class space    used 1435K, capacity 1503K, committed 1536K, reserved 1048576K
}
Event: 1.101 GC heap after
{Heap after GC invocations=26 (full 0):
 garbage-first heap   total 29696K, used 17364K [0x0000000701400000, 0x0000000800000000)
  region size 1024K, 1 young (1024K), 1 survivors (1024K)
 Metaspace       used 13768K, capacity 14004K, committed 14080K, reserved 1062912K
  class space    used 1435K, capacity 1503K, committed 1536K, reserved 1048576K
}
Event: 1.125 GC heap before
{Heap before GC invocations=26 (full 0):
 garbage-first heap   total 29696K, used 20436K [0x0000000701400000, 0x0000000800000000)
  region size 1024K, 5 young (5120K), 1 survivors (1024K)
 Metaspace       used 13768K, capacity 14004K, committed 14080K, reserved 1062912K
  class space    used 1435K, capacity 1503K, committed 1536K, reserved 1048576K
}
Event: 1.126 GC heap after
{Heap after GC invocations=27 (full 0):
 garbage-first heap   total 29696K, used 18113K [0x0000000701400000, 0x0000000800000000)
  region size 1024K, 1 young (1024K), 1 survivors (1024K)
 Metaspace       used 13768K, capacity 14004K, committed 14080K, reserved 1062912K
  class space    used 1435K, capacity 1503K, committed 1536K, reserved 1048576K
}
Event: 1.151 GC heap before
{Heap before GC invocations=28 (full 0):
 garbage-first heap   total 29696K, used 21185K [0x0000000701400000, 0x0000000800000000)
  region size 1024K, 4 young (4096K), 1 survivors (1024K)
 Metaspace       used 13768K, capacity 14004K, committed 14080K, reserved 1062912K
  class space    used 1435K, capacity 1503K, committed 1536K, reserved 1048576K
}
Event: 1.153 GC heap after
{Heap after GC invocations=29 (full 0):
 garbage-first heap   total 29696K, used 18368K [0x0000000701400000, 0x0000000800000000)
  region size 1024K, 1 young (1024K), 1 survivors (1024K)
 Metaspace       used 13768K, capacity 14004K, committed 14080K, reserved 1062912K
  class space    used 1435K, capacity 1503K, committed 1536K, reserved 1048576K
}
Event: 1.162 GC heap before
{Heap before GC invocations=29 (full 0):
 garbage-first heap   total 29696K, used 20416K [0x0000000701400000, 0x0000000800000000)
  region size 1024K, 4 young (4096K), 1 survivors (1024K)
 Metaspace       used 13768K, capacity 14004K, committed 14080K, reserved 1062912K
  class space    used 1435K, capacity 1503K, committed 1536K, reserved 1048576K
}
Event: 1.164 GC heap after
{Heap after GC invocations=30 (full 0):
 garbage-first heap   total 29696K, used 18458K [0x0000000701400000, 0x0000000800000000)
  region size 1024K, 1 young (1024K), 1 survivors (1024K)
 Metaspace       used 13768K, capacity 14004K, committed 14080K, reserved 1062912K
  class space    used 1435K, capacity 1503K, committed 1536K, reserved 1048576K
}
Event: 1.185 GC heap before
{Heap before GC invocations=31 (full 0):
 garbage-first heap   total 38912K, used 32794K [0x0000000701400000, 0x0000000800000000)
  region size 1024K, 2 young (2048K), 1 survivors (1024K)
 Metaspace       used 13768K, capacity 14004K, committed 14080K, reserved 1062912K
  class space    used 1435K, capacity 1503K, committed 1536K, reserved 1048576K
}
Event: 1.188 GC heap after
{Heap after GC invocations=32 (full 0):
 garbage-first heap   total 77824K, used 18637K [0x0000000701400000, 0x0000000800000000)
  region size 1024K, 1 young (1024K), 1 survivors (1024K)
 Metaspace       used 13768K, capacity 14004K, committed 14080K, reserved 1062912K
  class space    used 1435K, capacity 1503K, committed 1536K, reserved 1048576K
}
Event: 1.495 GC heap before
{Heap before GC invocations=33 (full 0):
 garbage-first heap   total 77824K, used 48333K [0x0000000701400000, 0x0000000800000000)
  region size 1024K, 24 young (24576K), 1 survivors (1024K)
 Metaspace       used 14825K, capacity 15077K, committed 15232K, reserved 1062912K
  class space    used 1518K, capacity 1604K, committed 1664K, reserved 1048576K
}
Event: 1.505 GC heap after
{Heap after GC invocations=34 (full 0):
 garbage-first heap   total 77824K, used 30486K [0x0000000701400000, 0x0000000800000000)
  region size 1024K, 3 young (3072K), 3 survivors (3072K)
 Metaspace       used 14825K, capacity 15077K, committed 15232K, reserved 1062912K
  class space    used 1518K, capacity 1604K, committed 1664K, reserved 1048576K
}
Event: 1.811 GC heap before
{Heap before GC invocations=34 (full 0):
 garbage-first heap   total 77824K, used 47894K [0x0000000701400000, 0x0000000800000000)
  region size 1024K, 19 young (19456K), 3 survivors (3072K)
 Metaspace       used 15613K, capacity 15916K, committed 16128K, reserved 1062912K
  class space    used 1575K, capacity 1690K, committed 1792K, reserved 1048576K
}
Event: 1.823 GC heap after
{Heap after GC invocations=35 (full 0):
 garbage-first heap   total 77824K, used 35840K [0x0000000701400000, 0x0000000800000000)
  region size 1024K, 3 young (3072K), 3 survivors (3072K)
 Metaspace       used 15613K, capacity 15916K, committed 16128K, reserved 1062912K
  class space    used 1575K, capacity 1690K, committed 1792K, reserved 1048576K
}
Event: 1.893 GC heap before
{Heap before GC invocations=35 (full 0):
 garbage-first heap   total 77824K, used 50176K [0x0000000701400000, 0x0000000800000000)
  region size 1024K, 18 young (18432K), 3 survivors (3072K)
 Metaspace       used 15745K, capacity 16052K, committed 16384K, reserved 1064960K
  class space    used 1579K, capacity 1692K, committed 1792K, reserved 1048576K
}
Event: 1.913 GC heap after
{Heap after GC invocations=36 (full 0):
 garbage-first heap   total 77824K, used 46487K [0x0000000701400000, 0x0000000800000000)
  region size 1024K, 3 young (3072K), 3 survivors (3072K)
 Metaspace       used 15745K, capacity 16052K, committed 16384K, reserved 1064960K
  class space    used 1579K, capacity 1692K, committed 1792K, reserved 1048576K
}
Event: 1.928 GC heap before
{Heap before GC invocations=36 (full 0):
 garbage-first heap   total 77824K, used 55703K [0x0000000701400000, 0x0000000800000000)
  region size 1024K, 12 young (12288K), 3 survivors (3072K)
 Metaspace       used 15773K, capacity 16124K, committed 16384K, reserved 1064960K
  class space    used 1582K, capacity 1695K, committed 1792K, reserved 1048576K
}

Deoptimization events (20 events):
Event: 1.779 Thread 0x0000027bdf14b000 Uncommon trap: trap_request=0xffffffde fr.pc=0x0000027bef42d33c relative=0x000000000000009c
Event: 1.779 Thread 0x0000027bdf14b000 Uncommon trap: reason=class_check action=maybe_recompile pc=0x0000027bef42d33c method=com.sun.tools.javac.tree.JCTree$JCVariableDecl.accept(Lcom/sun/tools/javac/tree/JCTree$Visitor;)V @ 2 c2
Event: 1.779 Thread 0x0000027bdf14b000 DEOPT PACKING pc=0x0000027bef42d33c sp=0x00000089153fe620
Event: 1.779 Thread 0x0000027bdf14b000 DEOPT UNPACKING pc=0x0000027be78ba1af sp=0x00000089153fe5d8 mode 2
Event: 1.779 Thread 0x0000027bdf14b000 Uncommon trap: trap_request=0xffffffde fr.pc=0x0000027bef42d33c relative=0x000000000000009c
Event: 1.779 Thread 0x0000027bdf14b000 Uncommon trap: reason=class_check action=maybe_recompile pc=0x0000027bef42d33c method=com.sun.tools.javac.tree.JCTree$JCVariableDecl.accept(Lcom/sun/tools/javac/tree/JCTree$Visitor;)V @ 2 c2
Event: 1.779 Thread 0x0000027bdf14b000 DEOPT PACKING pc=0x0000027bef42d33c sp=0x00000089153fe620
Event: 1.779 Thread 0x0000027bdf14b000 DEOPT UNPACKING pc=0x0000027be78ba1af sp=0x00000089153fe5d8 mode 2
Event: 1.779 Thread 0x0000027bdf14b000 Uncommon trap: trap_request=0xffffffde fr.pc=0x0000027bef42d33c relative=0x000000000000009c
Event: 1.779 Thread 0x0000027bdf14b000 Uncommon trap: reason=class_check action=maybe_recompile pc=0x0000027bef42d33c method=com.sun.tools.javac.tree.JCTree$JCVariableDecl.accept(Lcom/sun/tools/javac/tree/JCTree$Visitor;)V @ 2 c2
Event: 1.780 Thread 0x0000027bdf14b000 DEOPT PACKING pc=0x0000027bef42d33c sp=0x00000089153fe620
Event: 1.780 Thread 0x0000027bdf14b000 DEOPT UNPACKING pc=0x0000027be78ba1af sp=0x00000089153fe5d8 mode 2
Event: 1.780 Thread 0x0000027bdf14b000 Uncommon trap: trap_request=0xffffffde fr.pc=0x0000027bef42d33c relative=0x000000000000009c
Event: 1.780 Thread 0x0000027bdf14b000 Uncommon trap: reason=class_check action=maybe_recompile pc=0x0000027bef42d33c method=com.sun.tools.javac.tree.JCTree$JCVariableDecl.accept(Lcom/sun/tools/javac/tree/JCTree$Visitor;)V @ 2 c2
Event: 1.780 Thread 0x0000027bdf14b000 DEOPT PACKING pc=0x0000027bef42d33c sp=0x00000089153fe620
Event: 1.780 Thread 0x0000027bdf14b000 DEOPT UNPACKING pc=0x0000027be78ba1af sp=0x00000089153fe5d8 mode 2
Event: 1.849 Thread 0x0000027bdf14b000 Uncommon trap: trap_request=0xffffff4d fr.pc=0x0000027bef437754 relative=0x0000000000000114
Event: 1.849 Thread 0x0000027bdf14b000 Uncommon trap: reason=unstable_if action=reinterpret pc=0x0000027bef437754 method=com.sun.tools.javac.code.Scope$ScopeImpl.getIndex(Lcom/sun/tools/javac/util/Name;)I @ 60 c2
Event: 1.849 Thread 0x0000027bdf14b000 DEOPT PACKING pc=0x0000027bef437754 sp=0x00000089153fd300
Event: 1.849 Thread 0x0000027bdf14b000 DEOPT UNPACKING pc=0x0000027be78ba1af sp=0x00000089153fd270 mode 2

Classes redefined (0 events):
No events

Internal exceptions (12 events):
Event: 0.344 Thread 0x0000027bdf14b000 Exception <a 'sun/nio/fs/WindowsException'{0x0000000701b97938}> (0x0000000701b97938) thrown at [./src/hotspot/share/prims/jni.cpp, line 615]
Event: 0.344 Thread 0x0000027bdf14b000 Exception <a 'sun/nio/fs/WindowsException'{0x0000000701b98750}> (0x0000000701b98750) thrown at [./src/hotspot/share/prims/jni.cpp, line 615]
Event: 0.344 Thread 0x0000027bdf14b000 Exception <a 'sun/nio/fs/WindowsException'{0x0000000701b98ae0}> (0x0000000701b98ae0) thrown at [./src/hotspot/share/prims/jni.cpp, line 615]
Event: 0.345 Thread 0x0000027bdf14b000 Exception <a 'sun/nio/fs/WindowsException'{0x0000000701b9b018}> (0x0000000701b9b018) thrown at [./src/hotspot/share/prims/jni.cpp, line 615]
Event: 0.345 Thread 0x0000027bdf14b000 Exception <a 'sun/nio/fs/WindowsException'{0x0000000701b9b2b8}> (0x0000000701b9b2b8) thrown at [./src/hotspot/share/prims/jni.cpp, line 615]
Event: 0.347 Thread 0x0000027bdf14b000 Exception <a 'java/lang/NoSuchMethodError'{0x0000000701ba5818}: 'int java.lang.invoke.DirectMethodHandle$Holder.invokeVirtual(java.lang.Object, java.lang.Object, java.lang.Object)'> (0x0000000701ba5818) thrown at [./src/hotspot/share/interpreter/linkResolver.cpp, line 773]
Event: 0.412 Thread 0x0000027bdf14b000 Exception <a 'java/lang/NoSuchMethodError'{0x0000000701bd6908}: 'int java.lang.invoke.DirectMethodHandle$Holder.invokeStaticInit(java.lang.Object, java.lang.Object)'> (0x0000000701bd6908) thrown at [./src/hotspot/share/interpreter/linkResolver.cpp, line 773]
Event: 0.468 Thread 0x0000027bdf14b000 Exception <a 'java/lang/NoSuchMethodError'{0x0000000701bac180}: 'int java.lang.invoke.DirectMethodHandle$Holder.invokeVirtual(java.lang.Object, java.lang.Object)'> (0x0000000701bac180) thrown at [./src/hotspot/share/interpreter/linkResolver.cpp, line 773]
Event: 0.474 Thread 0x0000027bdf14b000 Exception <a 'java/lang/NoSuchMethodError'{0x0000000701bddef8}: 'java.lang.Object java.lang.invoke.Invokers$Holder.linkToTargetMethod(java.lang.Object, java.lang.Object, java.lang.Object, java.lang.Object, java.lang.Object, java.lang.Object)'> (0x0000000701bddef8) thrown at [./src/hotspot/share/interpreter/linkResolver.cpp, line 773]
Event: 0.793 Thread 0x0000027bdf14b000 Exception <a 'java/lang/NoSuchMethodError'{0x0000000701cd6b58}: 'int java.lang.invoke.DirectMethodHandle$Holder.invokeSpecialIFC(java.lang.Object, java.lang.Object, int)'> (0x0000000701cd6b58) thrown at [./src/hotspot/share/interpreter/linkResolver.cpp, line 773]
Event: 1.551 Thread 0x0000027bdf14b000 Implicit null exception at 0x0000027bef3f02ac to 0x0000027bef3f045a
Event: 1.712 Thread 0x0000027bdf14b000 Exception <a 'java/lang/NoSuchMethodError'{0x00000007057ba618}: 'int java.lang.invoke.DirectMethodHandle$Holder.invokeSpecial(java.lang.Object, java.lang.Object, java.lang.Object, java.lang.Object, java.lang.Object)'> (0x00000007057ba618) thrown at [./src/hotspot/share/interpreter/linkResolver.cpp, line 773]

Events (20 events):
Event: 1.826 loading class com/sun/tools/javac/code/Symbol done
Event: 1.826 loading class com/sun/tools/javac/code/Symbol
Event: 1.826 loading class com/sun/tools/javac/code/Symbol done
Event: 1.857 loading class com/sun/tools/javac/code/Type
Event: 1.857 loading class com/sun/tools/javac/code/Type done
Event: 1.857 loading class com/sun/tools/javac/code/Type
Event: 1.857 loading class com/sun/tools/javac/code/Type done
Event: 1.857 loading class com/sun/tools/javac/code/Types$TypeMapping
Event: 1.857 loading class com/sun/tools/javac/code/Types$TypeMapping done
Event: 1.892 Executing VM operation: G1CollectForAllocation
Event: 1.913 Executing VM operation: G1CollectForAllocation done
Event: 1.915 loading class com/sun/tools/javac/code/Symbol
Event: 1.915 loading class com/sun/tools/javac/code/Symbol done
Event: 1.915 loading class com/sun/tools/javac/comp/Annotate
Event: 1.915 loading class com/sun/tools/javac/comp/Annotate done
Event: 1.916 loading class com/sun/tools/javac/comp/Env
Event: 1.916 loading class com/sun/tools/javac/comp/Env done
Event: 1.916 loading class com/sun/tools/javac/comp/Annotate
Event: 1.916 loading class com/sun/tools/javac/comp/Annotate done
Event: 1.928 Executing VM operation: G1CollectForAllocation


Dynamic libraries:
0x00007ff77d4e0000 - 0x00007ff77d4e7000 	C:\Program Files\Microsoft\jdk-11.0.12.7-hotspot\bin\javac.exe
0x00007fff6ce70000 - 0x00007fff6d068000 	C:\Windows\SYSTEM32\ntdll.dll
0x00007fff6b370000 - 0x00007fff6b42d000 	C:\Windows\System32\KERNEL32.DLL
0x00007fff6a710000 - 0x00007fff6a9de000 	C:\Windows\System32\KERNELBASE.dll
0x00007fff6ab90000 - 0x00007fff6ac90000 	C:\Windows\System32\ucrtbase.dll
0x00007fff41cd0000 - 0x00007fff41ce7000 	C:\Program Files\Microsoft\jdk-11.0.12.7-hotspot\bin\jli.dll
0x00007fff41310000 - 0x00007fff41325000 	C:\Program Files\Microsoft\jdk-11.0.12.7-hotspot\bin\VCRUNTIME140.dll
0x00007fff6cab0000 - 0x00007fff6cc50000 	C:\Windows\System32\USER32.dll
0x00007fff6ad70000 - 0x00007fff6ad92000 	C:\Windows\System32\win32u.dll
0x00007fff55ec0000 - 0x00007fff5615a000 	C:\Windows\WinSxS\amd64_microsoft.windows.common-controls_6595b64144ccf1df_6.0.19041.1110_none_60b5254171f9507e\COMCTL32.dll
0x00007fff6bb80000 - 0x00007fff6bbaa000 	C:\Windows\System32\GDI32.dll
0x00007fff6b4b0000 - 0x00007fff6b54e000 	C:\Windows\System32\msvcrt.dll
0x00007fff6a600000 - 0x00007fff6a70b000 	C:\Windows\System32\gdi32full.dll
0x00007fff6ae30000 - 0x00007fff6aecd000 	C:\Windows\System32\msvcp_win.dll
0x00007fff6c820000 - 0x00007fff6c850000 	C:\Windows\System32\IMM32.DLL
0x00007fff1c2c0000 - 0x00007fff1c35b000 	C:\Program Files\Microsoft\jdk-11.0.12.7-hotspot\bin\msvcp140.dll
0x00007ffe76660000 - 0x00007ffe771c1000 	C:\Program Files\Microsoft\jdk-11.0.12.7-hotspot\bin\server\jvm.dll
0x00007fff6bbb0000 - 0x00007fff6bc5e000 	C:\Windows\System32\ADVAPI32.dll
0x00007fff6b6d0000 - 0x00007fff6b76c000 	C:\Windows\System32\sechost.dll
0x00007fff6cd00000 - 0x00007fff6ce25000 	C:\Windows\System32\RPCRT4.dll
0x00007fff6b6c0000 - 0x00007fff6b6c8000 	C:\Windows\System32\PSAPI.DLL
0x00007fff34090000 - 0x00007fff34099000 	C:\Windows\SYSTEM32\WSOCK32.dll
0x00007fff5ffc0000 - 0x00007fff5ffe7000 	C:\Windows\SYSTEM32\WINMM.dll
0x00007fff63080000 - 0x00007fff6308a000 	C:\Windows\SYSTEM32\VERSION.dll
0x00007fff6c8e0000 - 0x00007fff6c94b000 	C:\Windows\System32\WS2_32.dll
0x00007fff68670000 - 0x00007fff68682000 	C:\Windows\SYSTEM32\kernel.appcore.dll
0x00007fff659d0000 - 0x00007fff659e0000 	C:\Program Files\Microsoft\jdk-11.0.12.7-hotspot\bin\verify.dll
0x00007fff68200000 - 0x00007fff683e4000 	C:\Windows\SYSTEM32\DBGHELP.DLL
0x00007fff49fb0000 - 0x00007fff49fdc000 	C:\Windows\SYSTEM32\dbgcore.DLL
0x00007fff6ada0000 - 0x00007fff6ae22000 	C:\Windows\System32\bcryptPrimitives.dll
0x00007fff3cca0000 - 0x00007fff3ccc8000 	C:\Program Files\Microsoft\jdk-11.0.12.7-hotspot\bin\java.dll
0x00007fff65190000 - 0x00007fff6519a000 	C:\Program Files\Microsoft\jdk-11.0.12.7-hotspot\bin\jimage.dll
0x00007fff3aa50000 - 0x00007fff3aa67000 	C:\Program Files\Microsoft\jdk-11.0.12.7-hotspot\bin\zip.dll
0x00007fff6c0d0000 - 0x00007fff6c814000 	C:\Windows\System32\SHELL32.dll
0x00007fff68690000 - 0x00007fff68e24000 	C:\Windows\SYSTEM32\windows.storage.dll
0x00007fff6aed0000 - 0x00007fff6b224000 	C:\Windows\System32\combase.dll
0x00007fff69ff0000 - 0x00007fff6a020000 	C:\Windows\SYSTEM32\Wldp.dll
0x00007fff6cc50000 - 0x00007fff6ccfd000 	C:\Windows\System32\SHCORE.dll
0x00007fff6b5b0000 - 0x00007fff6b605000 	C:\Windows\System32\shlwapi.dll
0x00007fff6a4d0000 - 0x00007fff6a4ef000 	C:\Windows\SYSTEM32\profapi.dll
0x00007fff2dc80000 - 0x00007fff2dc99000 	C:\Program Files\Microsoft\jdk-11.0.12.7-hotspot\bin\net.dll
0x00007fff5f740000 - 0x00007fff5f84a000 	C:\Windows\SYSTEM32\WINHTTP.dll
0x00007fff69d50000 - 0x00007fff69dba000 	C:\Windows\system32\mswsock.dll
0x00007fff2dc60000 - 0x00007fff2dc72000 	C:\Program Files\Microsoft\jdk-11.0.12.7-hotspot\bin\nio.dll

dbghelp: loaded successfully - version: 4.0.5 - missing functions: none
symbol engine: initialized successfully - sym options: 0x614 - pdb path: .;C:\Program Files\Microsoft\jdk-11.0.12.7-hotspot\bin;C:\Windows\SYSTEM32;C:\Windows\WinSxS\amd64_microsoft.windows.common-controls_6595b64144ccf1df_6.0.19041.1110_none_60b5254171f9507e;C:\Program Files\Microsoft\jdk-11.0.12.7-hotspot\bin\server

VM Arguments:
jvm_args: -Dapplication.home=C:\Program Files\Microsoft\jdk-11.0.12.7-hotspot --add-modules=ALL-DEFAULT -Xms8m -Dfile.encoding=UTF8 -Djdk.module.main=jdk.compiler 
java_command: jdk.compiler/com.sun.tools.javac.Main @C:\Users\NIYYA\AppData\Local\Temp\tmp663A.tmp -target 1.8 -source 1.8
java_class_path (initial): <not set>
Launcher Type: SUN_STANDARD

[Global flags]
     intx CICompilerCount                          = 4                                         {product} {ergonomic}
     uint ConcGCThreads                            = 3                                         {product} {ergonomic}
     uint G1ConcRefinementThreads                  = 10                                        {product} {ergonomic}
   size_t G1HeapRegionSize                         = 1048576                                   {product} {ergonomic}
    uintx GCDrainStackTargetSize                   = 64                                        {product} {ergonomic}
   size_t InitialHeapSize                          = 8388608                                   {product} {command line}
   size_t MarkStackSize                            = 4194304                                   {product} {ergonomic}
   size_t MaxHeapSize                              = 4273995776                                {product} {ergonomic}
   size_t MaxNewSize                               = 2563768320                                {product} {ergonomic}
   size_t MinHeapDeltaBytes                        = 1048576                                   {product} {ergonomic}
    uintx NonNMethodCodeHeapSize                   = 5836300                                {pd product} {ergonomic}
    uintx NonProfiledCodeHeapSize                  = 122910970                              {pd product} {ergonomic}
    uintx ProfiledCodeHeapSize                     = 122910970                              {pd product} {ergonomic}
    uintx ReservedCodeCacheSize                    = 251658240                              {pd product} {ergonomic}
     bool SegmentedCodeCache                       = true                                      {product} {ergonomic}
     bool UseCompressedClassPointers               = true                                 {lp64_product} {ergonomic}
     bool UseCompressedOops                        = true                                 {lp64_product} {ergonomic}
     bool UseG1GC                                  = true                                      {product} {ergonomic}
     bool UseLargePagesIndividualAllocation        = false                                  {pd product} {ergonomic}

Logging:
Log output configuration:
 #0: stdout all=warning uptime,level,tags
 #1: stderr all=off uptime,level,tags

Environment Variables:
JAVA_HOME=C:\Program Files\Microsoft\jdk-11.0.12.7-hotspot
PATH=C:\Program Files\Microsoft\jdk-11.0.12.7-hotspot\bin;E:\Python\Scripts\;E:\Python\;C:\Program Files (x86)\Common Files\Intel\Shared Libraries\redist\intel64\compiler;C:\Windows\system32;C:\Windows;C:\Windows\System32\Wbem;C:\Windows\System32\WindowsPowerShell\v1.0\;C:\Windows\System32\OpenSSH\;C:\Program Files (x86)\NVIDIA Corporation\PhysX\Common;C:\Program Files\NVIDIA Corporation\NVIDIA NvDLISR;C:\Users\NIYYA\AppData\Local\Microsoft\WindowsApps;C:\Users\NIYYA\AppData\Local\Programs\Microsoft VS Code\bin;C:\adb;E:\Nodejs\;C:\Program Files\Git\cmd;C:\Program Files\dotnet\;C:\Program Files\Microsoft SQL Server\Client SDK\ODBC\170\Tools\Binn\;C:\Program Files\Azure Data Studio\bin;C:\Program Files (x86)\Microsoft SQL Server\150\Tools\Binn\;C:\Program Files\Microsoft SQL Server\150\Tools\Binn\;C:\Program Files\Microsoft SQL Server\150\DTS\Binn\;C:\Program Files (x86)\Microsoft SQL Server\150\DTS\Binn\;C:\Program Files\Cloudflare\Cloudflare WARP\;C:\Users\NIYYA\AppData\Local\Microsoft\WindowsApps;C:\Users\NIYYA\AppData\Local\Programs\Microsoft VS Code\bin;C:\Users\NIYYA\.dotnet\tools;C:\Users\NIYYA\AppData\Roaming\npm;C:\Users\NIYYA\AppData\Local\GitHubDesktop\bin;C:\Program Files\Azure Data Studio\bin
USERNAME=NIYYA
OS=Windows_NT
PROCESSOR_IDENTIFIER=Intel64 Family 6 Model 158 Stepping 10, GenuineIntel



---------------  S Y S T E M  ---------------

OS: Windows 10 , 64 bit Build 19041 (10.0.19041.1806)
OS uptime: 5 days 11:24 hours

CPU:total 12 (initial active 12) (6 cores per cpu, 2 threads per core) family 6 model 158 stepping 10 microcode 0xc6, cmov, cx8, fxsr, mmx, sse, sse2, sse3, ssse3, sse4.1, sse4.2, popcnt, avx, avx2, aes, clmul, erms, 3dnowpref, lzcnt, ht, tsc, tscinvbit, bmi1, bmi2, adx, fma

Memory: 4k page, system-wide physical 16303M (880M free)
TotalPageFile size 46767M (AvailPageFile size 51M)
current process WorkingSet (physical memory assigned to process): 165M, peak: 165M
current process commit charge ("private bytes"): 209M, peak: 313M

vm_info: OpenJDK 64-Bit Server VM (11.0.12+7) for windows-amd64 JRE (11.0.12+7), built on Jul 21 2021 15:41:43 by "" with unknown MS VC++:1916

END.
