#
# There is insufficient memory for the Java Runtime Environment to continue.
# Native memory allocation (mmap) failed to map 140509184 bytes for Failed to commit area from 0x0000000706c00000 to 0x000000070f200000 of length 140509184.
# Possible reasons:
#   The system is out of physical RAM or swap space
#   The process is running with CompressedOops enabled, and the Java Heap may be blocking the growth of the native heap
# Possible solutions:
#   Reduce memory load on the system
#   Increase physical memory or swap space
#   Check if swap backing store is full
#   Decrease Java heap size (-Xmx/-Xms)
#   Decrease number of Java threads
#   Decrease Java thread stack sizes (-Xss)
#   Set larger code cache with -XX:ReservedCodeCacheSize=
#   JVM is running with Zero Based Compressed Oops mode in which the Java heap is
#     placed in the first 32GB address space. The Java Heap base address is the
#     maximum limit for the native heap growth. Please use -XX:HeapBaseMinAddress
#     to set the Java Heap base and to place the Java Heap above 32GB virtual address.
# This output file may be truncated or incomplete.
#
#  Out of Memory Error (./src/hotspot/os/windows/os_windows.cpp:3380), pid=30900, tid=11252
#
# JRE version: OpenJDK Runtime Environment Microsoft-25199 (11.0.12+7) (build 11.0.12+7)
# Java VM: OpenJDK 64-Bit Server VM Microsoft-25199 (11.0.12+7, mixed mode, tiered, compressed oops, g1 gc, windows-amd64)
# No core dump will be written. Minidumps are not enabled by default on client versions of Windows
#

---------------  S U M M A R Y ------------

Command Line: -Dapplication.home=C:\Program Files\Microsoft\jdk-11.0.12.7-hotspot --add-modules=ALL-DEFAULT -Xms8m -Dfile.encoding=UTF8 -Djdk.module.main=jdk.compiler jdk.compiler/com.sun.tools.javac.Main @C:\Users\NIYYA\AppData\Local\Temp\tmpF956.tmp -target 1.8 -source 1.8

Host: Intel(R) Core(TM) i7-9750H CPU @ 2.60GHz, 12 cores, 15G,  Windows 10 , 64 bit Build 19041 (10.0.19041.1806)
Time: Sun Jan  8 11:11:16 2023 SE Asia Standard Time elapsed time: 2.193426 seconds (0d 0h 0m 2s)

---------------  T H R E A D  ---------------

Current thread (0x00000243fab86000):  VMThread "VM Thread" [stack: 0x0000009712e00000,0x0000009712f00000] [id=11252]

Stack: [0x0000009712e00000,0x0000009712f00000]
[error occurred during error reporting (printing stack bounds), id 0xc0000005, EXCEPTION_ACCESS_VIOLATION (0xc0000005) at pc=0x00000243dea7112d]

Native frames: (J=compiled Java code, j=interpreted, Vv=VM code, C=native code)
V  [jvm.dll+0x6090fa]
V  [jvm.dll+0x79229e]
V  [jvm.dll+0x79396f]
V  [jvm.dll+0x793f95]
V  [jvm.dll+0x793f4b]
V  [jvm.dll+0x608487]
V  [jvm.dll+0x608b98]
C  [ntdll.dll+0xa229f]
C  [ntdll.dll+0x51454]
C  [ntdll.dll+0xa0dce]
C  0x00000243dea7112d

VM_Operation (0x00000097128fe350): G1CollectForAllocation, mode: safepoint, requested by thread 0x00000243d6348000


---------------  P R O C E S S  ---------------

Threads class SMR info:
_java_thread_list=0x00000243fbc0f990, length=12, elements={
0x00000243d6348000, 0x00000243fabab000, 0x00000243fabac800, 0x00000243fac17000,
0x00000243fac18800, 0x00000243fac1b000, 0x00000243fac1e000, 0x00000243fabc4800,
0x00000243fabc5800, 0x00000243fb696000, 0x00000243fbbe2800, 0x00000243fbca2800
}

Java Threads: ( => current thread )
  0x00000243d6348000 JavaThread "main" [_thread_blocked, id=23072, stack(0x0000009712800000,0x0000009712900000)]
  0x00000243fabab000 JavaThread "Reference Handler" daemon [_thread_blocked, id=18536, stack(0x0000009712f00000,0x0000009713000000)]
  0x00000243fabac800 JavaThread "Finalizer" daemon [_thread_blocked, id=30700, stack(0x0000009713000000,0x0000009713100000)]
  0x00000243fac17000 JavaThread "Signal Dispatcher" daemon [_thread_blocked, id=13716, stack(0x0000009713100000,0x0000009713200000)]
  0x00000243fac18800 JavaThread "Attach Listener" daemon [_thread_blocked, id=20040, stack(0x0000009713200000,0x0000009713300000)]
  0x00000243fac1b000 JavaThread "Service Thread" daemon [_thread_blocked, id=19664, stack(0x0000009713300000,0x0000009713400000)]
  0x00000243fac1e000 JavaThread "C2 CompilerThread0" daemon [_thread_in_native, id=28180, stack(0x0000009713400000,0x0000009713500000)]
  0x00000243fabc4800 JavaThread "C1 CompilerThread0" daemon [_thread_blocked, id=29912, stack(0x0000009713500000,0x0000009713600000)]
  0x00000243fabc5800 JavaThread "Sweeper thread" daemon [_thread_blocked, id=27868, stack(0x0000009713600000,0x0000009713700000)]
  0x00000243fb696000 JavaThread "Common-Cleaner" daemon [_thread_blocked, id=17196, stack(0x0000009713700000,0x0000009713800000)]
  0x00000243fbbe2800 JavaThread "C2 CompilerThread1" daemon [_thread_blocked, id=12416, stack(0x0000009713800000,0x0000009713900000)]
  0x00000243fbca2800 JavaThread "C2 CompilerThread2" daemon [_thread_blocked, id=21340, stack(0x0000009713b00000,0x0000009713c00000)]

Other Threads:
=>0x00000243fab86000 VMThread "VM Thread" [stack: 0x0000009712e00000,0x0000009712f00000] [id=11252]
  0x00000243fb76b000 WatcherThread [stack: 0x0000009713900000,0x0000009713a00000] [id=29896]
  0x00000243d6361800 GCTaskThread "GC Thread#0" [stack: 0x0000009712900000,0x0000009712a00000] [id=9156]
  0x00000243fb997000 GCTaskThread "GC Thread#1" [stack: 0x0000009713a00000,0x0000009713b00000] [id=29640]
  0x00000243d63be000 ConcurrentGCThread "G1 Main Marker" [stack: 0x0000009712a00000,0x0000009712b00000] [id=1260]
  0x00000243d63bf800 ConcurrentGCThread "G1 Conc#0" [stack: 0x0000009712b00000,0x0000009712c00000] [id=13244]
  0x00000243fc9b6800 ConcurrentGCThread "G1 Conc#1" [stack: 0x0000009713c00000,0x0000009713d00000] [id=32344]
  0x00000243fcea4000 ConcurrentGCThread "G1 Conc#2" [stack: 0x0000009713d00000,0x0000009713e00000] [id=10544]
  0x00000243d63f6000 ConcurrentGCThread "G1 Refine#0" [stack: 0x0000009712c00000,0x0000009712d00000] [id=13816]
  0x00000243fde48800 ConcurrentGCThread "G1 Refine#1" [stack: 0x0000009713e00000,0x0000009713f00000] [id=28524]
  0x00000243fcea3000 ConcurrentGCThread "G1 Refine#2" [stack: 0x0000009713f00000,0x0000009714000000] [id=21172]
  0x00000243fde34000 ConcurrentGCThread "G1 Refine#3" [stack: 0x0000009714000000,0x0000009714100000] [id=29364]
  0x00000243fbe55000 ConcurrentGCThread "G1 Refine#4" [stack: 0x0000009714100000,0x0000009714200000] [id=12112]
  0x00000243d63f8000 ConcurrentGCThread "G1 Young RemSet Sampling" [stack: 0x0000009712d00000,0x0000009712e00000] [id=28820]

Threads with active compile tasks:
C2 CompilerThread0   2213 2277       4       com.sun.tools.javac.jvm.ClassReader::sigToType (880 bytes)
C1 CompilerThread0   2213 2321       2       java.util.Spliterators::checkFromToBounds (74 bytes)
C2 CompilerThread1   2213 2044   !   4       com.sun.tools.javac.jvm.ClassReader::classSigToType (498 bytes)
C2 CompilerThread2   2213 2276       4       com.sun.tools.javac.jvm.ClassReader::readPool (520 bytes)

VM state:at safepoint (normal execution)

VM Mutex/Monitor currently owned by a thread:  ([mutex/lock_event])
[0x00000243d6345450] Threads_lock - owner thread: 0x00000243fab86000
[0x00000243d6345180] Heap_lock - owner thread: 0x00000243d6348000

Heap address: 0x0000000701400000, size: 4076 MB, Compressed Oops mode: Zero based, Oop shift amount: 3
Narrow klass base: 0x0000000800000000, Narrow klass shift: 0
Compressed class space size: 1073741824 Address: 0x0000000800000000

Heap:
 garbage-first heap   total 227328K, used 56832K [0x0000000701400000, 0x0000000800000000)
  region size 1024K, 2 young (2048K), 2 survivors (2048K)
 Metaspace       used 15994K, capacity 16256K, committed 16384K, reserved 1064960K
  class space    used 1584K, capacity 1695K, committed 1792K, reserved 1048576K
Heap Regions: E=young(eden), S=young(survivor), O=old, HS=humongous(starts), HC=humongous(continues), CS=collection set, F=free, A=archive, TAMS=top-at-mark-start (previous, next)
|   0|0x0000000701400000, 0x0000000701500000, 0x0000000701500000|100%| O|  |TAMS 0x0000000701500000, 0x0000000701500000| Untracked 
|   1|0x0000000701500000, 0x0000000701600000, 0x0000000701600000|100%| O|  |TAMS 0x0000000701600000, 0x0000000701600000| Untracked 
|   2|0x0000000701600000, 0x0000000701700000, 0x0000000701700000|100%| O|  |TAMS 0x0000000701700000, 0x0000000701700000| Untracked 
|   3|0x0000000701700000, 0x0000000701800000, 0x0000000701800000|100%| O|  |TAMS 0x0000000701800000, 0x0000000701800000| Untracked 
|   4|0x0000000701800000, 0x0000000701900000, 0x0000000701900000|100%| O|  |TAMS 0x0000000701900000, 0x0000000701900000| Untracked 
|   5|0x0000000701900000, 0x0000000701a00000, 0x0000000701a00000|100%| O|  |TAMS 0x0000000701a00000, 0x0000000701a00000| Untracked 
|   6|0x0000000701a00000, 0x0000000701b00000, 0x0000000701b00000|100%| O|  |TAMS 0x0000000701b00000, 0x0000000701b00000| Untracked 
|   7|0x0000000701b00000, 0x0000000701c00000, 0x0000000701c00000|100%| O|  |TAMS 0x0000000701c00000, 0x0000000701c00000| Untracked 
|   8|0x0000000701c00000, 0x0000000701d00000, 0x0000000701d00000|100%|HS|  |TAMS 0x0000000701d00000, 0x0000000701d00000| Complete 
|   9|0x0000000701d00000, 0x0000000701e00000, 0x0000000701e00000|100%|HC|  |TAMS 0x0000000701e00000, 0x0000000701e00000| Complete 
|  10|0x0000000701e00000, 0x0000000701f00000, 0x0000000701f00000|100%|HC|  |TAMS 0x0000000701f00000, 0x0000000701f00000| Complete 
|  11|0x0000000701f00000, 0x0000000702000000, 0x0000000702000000|100%| O|  |TAMS 0x0000000701fe6600, 0x0000000702000000| Untracked 
|  12|0x0000000702000000, 0x0000000702100000, 0x0000000702100000|100%| O|  |TAMS 0x0000000702100000, 0x0000000702100000| Untracked 
|  13|0x0000000702100000, 0x0000000702200000, 0x0000000702200000|100%|HS|  |TAMS 0x0000000702200000, 0x0000000702200000| Complete 
|  14|0x0000000702200000, 0x0000000702300000, 0x0000000702300000|100%|HC|  |TAMS 0x0000000702300000, 0x0000000702300000| Complete 
|  15|0x0000000702300000, 0x0000000702400000, 0x0000000702400000|100%|HC|  |TAMS 0x0000000702400000, 0x0000000702400000| Complete 
|  16|0x0000000702400000, 0x0000000702500000, 0x0000000702500000|100%|HC|  |TAMS 0x0000000702500000, 0x0000000702500000| Complete 
|  17|0x0000000702500000, 0x0000000702600000, 0x0000000702600000|100%|HC|  |TAMS 0x0000000702600000, 0x0000000702600000| Complete 
|  18|0x0000000702600000, 0x0000000702700000, 0x0000000702700000|100%|HS|  |TAMS 0x0000000702700000, 0x0000000702700000| Complete 
|  19|0x0000000702700000, 0x0000000702800000, 0x0000000702800000|100%|HS|  |TAMS 0x0000000702700000, 0x0000000702800000| Complete 
|  20|0x0000000702800000, 0x0000000702900000, 0x0000000702900000|100%| O|  |TAMS 0x0000000702800000, 0x0000000702900000| Untracked 
|  21|0x0000000702900000, 0x0000000702a00000, 0x0000000702a00000|100%| O|  |TAMS 0x0000000702900000, 0x0000000702a00000| Untracked 
|  22|0x0000000702a00000, 0x0000000702b00000, 0x0000000702b00000|100%|HS|  |TAMS 0x0000000702a00000, 0x0000000702b00000| Complete 
|  23|0x0000000702b00000, 0x0000000702c00000, 0x0000000702c00000|100%|HC|  |TAMS 0x0000000702b00000, 0x0000000702c00000| Complete 
|  24|0x0000000702c00000, 0x0000000702d00000, 0x0000000702d00000|100%| O|  |TAMS 0x0000000702c00000, 0x0000000702d00000| Untracked 
|  25|0x0000000702d00000, 0x0000000702e00000, 0x0000000702e00000|100%| O|  |TAMS 0x0000000702d00000, 0x0000000702e00000| Untracked 
|  26|0x0000000702e00000, 0x0000000702f00000, 0x0000000702f00000|100%| O|  |TAMS 0x0000000702e00000, 0x0000000702f00000| Untracked 
|  27|0x0000000702f00000, 0x0000000703000000, 0x0000000703000000|100%| O|  |TAMS 0x0000000702f00000, 0x0000000703000000| Untracked 
|  28|0x0000000703000000, 0x0000000703100000, 0x0000000703100000|100%| O|  |TAMS 0x0000000703000000, 0x0000000703100000| Untracked 
|  29|0x0000000703100000, 0x0000000703200000, 0x0000000703200000|100%| O|  |TAMS 0x0000000703100000, 0x0000000703200000| Untracked 
|  30|0x0000000703200000, 0x0000000703300000, 0x0000000703300000|100%| O|  |TAMS 0x0000000703200000, 0x0000000703300000| Untracked 
|  31|0x0000000703300000, 0x0000000703400000, 0x0000000703400000|100%| O|  |TAMS 0x0000000703300000, 0x0000000703400000| Untracked 
|  32|0x0000000703400000, 0x0000000703500000, 0x0000000703500000|100%| O|  |TAMS 0x0000000703400000, 0x0000000703500000| Untracked 
|  33|0x0000000703500000, 0x0000000703600000, 0x0000000703600000|100%| O|  |TAMS 0x0000000703500000, 0x0000000703600000| Untracked 
|  34|0x0000000703600000, 0x0000000703700000, 0x0000000703700000|100%| O|  |TAMS 0x0000000703600000, 0x0000000703700000| Untracked 
|  35|0x0000000703700000, 0x0000000703800000, 0x0000000703800000|100%| O|  |TAMS 0x0000000703700000, 0x0000000703800000| Untracked 
|  36|0x0000000703800000, 0x0000000703900000, 0x0000000703900000|100%| O|  |TAMS 0x0000000703800000, 0x0000000703900000| Untracked 
|  37|0x0000000703900000, 0x0000000703a00000, 0x0000000703a00000|100%| O|  |TAMS 0x0000000703900000, 0x0000000703a00000| Untracked 
|  38|0x0000000703a00000, 0x0000000703b00000, 0x0000000703b00000|100%| O|  |TAMS 0x0000000703a00000, 0x0000000703b00000| Untracked 
|  39|0x0000000703b00000, 0x0000000703c00000, 0x0000000703c00000|100%| O|  |TAMS 0x0000000703b00000, 0x0000000703c00000| Untracked 
|  40|0x0000000703c00000, 0x0000000703d00000, 0x0000000703d00000|100%| O|  |TAMS 0x0000000703c00000, 0x0000000703d00000| Untracked 
|  41|0x0000000703d00000, 0x0000000703e00000, 0x0000000703e00000|100%| O|  |TAMS 0x0000000703d00000, 0x0000000703e00000| Untracked 
|  42|0x0000000703e00000, 0x0000000703f00000, 0x0000000703f00000|100%| O|  |TAMS 0x0000000703e00000, 0x0000000703f00000| Untracked 
|  43|0x0000000703f00000, 0x0000000704000000, 0x0000000704000000|100%| O|  |TAMS 0x0000000703f00000, 0x0000000704000000| Untracked 
|  44|0x0000000704000000, 0x0000000704100000, 0x0000000704100000|100%| O|  |TAMS 0x0000000704000000, 0x0000000704100000| Untracked 
|  45|0x0000000704100000, 0x0000000704200000, 0x0000000704200000|100%| O|  |TAMS 0x0000000704100000, 0x0000000704200000| Untracked 
|  46|0x0000000704200000, 0x0000000704300000, 0x0000000704300000|100%| O|  |TAMS 0x0000000704200000, 0x0000000704300000| Untracked 
|  47|0x0000000704300000, 0x0000000704400000, 0x0000000704400000|100%| O|  |TAMS 0x0000000704300000, 0x0000000704400000| Untracked 
|  48|0x0000000704400000, 0x0000000704500000, 0x0000000704500000|100%| O|  |TAMS 0x0000000704400000, 0x0000000704500000| Untracked 
|  49|0x0000000704500000, 0x0000000704600000, 0x0000000704600000|100%| O|  |TAMS 0x0000000704500000, 0x0000000704600000| Untracked 
|  50|0x0000000704600000, 0x0000000704700000, 0x0000000704700000|100%| O|  |TAMS 0x0000000704600000, 0x0000000704700000| Untracked 
|  51|0x0000000704700000, 0x0000000704800000, 0x0000000704800000|100%| O|  |TAMS 0x0000000704700000, 0x0000000704800000| Untracked 
|  52|0x0000000704800000, 0x0000000704900000, 0x0000000704900000|100%| O|  |TAMS 0x0000000704800000, 0x0000000704900000| Untracked 
|  53|0x0000000704900000, 0x0000000704980000, 0x0000000704a00000| 50%| O|  |TAMS 0x0000000704900000, 0x0000000704980000| Untracked 
|  54|0x0000000704a00000, 0x0000000704a00000, 0x0000000704b00000|  0%| F|  |TAMS 0x0000000704a00000, 0x0000000704a00000| Untracked 
|  55|0x0000000704b00000, 0x0000000704b00000, 0x0000000704c00000|  0%| F|  |TAMS 0x0000000704b00000, 0x0000000704b00000| Untracked 
|  56|0x0000000704c00000, 0x0000000704c00000, 0x0000000704d00000|  0%| F|  |TAMS 0x0000000704c00000, 0x0000000704c00000| Untracked 
|  57|0x0000000704d00000, 0x0000000704d00000, 0x0000000704e00000|  0%| F|  |TAMS 0x0000000704d00000, 0x0000000704d00000| Untracked 
|  58|0x0000000704e00000, 0x0000000704e00000, 0x0000000704f00000|  0%| F|  |TAMS 0x0000000704e00000, 0x0000000704e00000| Untracked 
|  59|0x0000000704f00000, 0x0000000704f00000, 0x0000000705000000|  0%| F|  |TAMS 0x0000000704f00000, 0x0000000704f00000| Untracked 
|  60|0x0000000705000000, 0x0000000705000000, 0x0000000705100000|  0%| F|  |TAMS 0x0000000705000000, 0x0000000705000000| Untracked 
|  61|0x0000000705100000, 0x0000000705100000, 0x0000000705200000|  0%| F|  |TAMS 0x0000000705100000, 0x0000000705100000| Untracked 
|  62|0x0000000705200000, 0x0000000705200000, 0x0000000705300000|  0%| F|  |TAMS 0x0000000705200000, 0x0000000705200000| Untracked 
|  63|0x0000000705300000, 0x0000000705300000, 0x0000000705400000|  0%| F|  |TAMS 0x0000000705300000, 0x0000000705300000| Untracked 
|  64|0x0000000705400000, 0x0000000705400000, 0x0000000705500000|  0%| F|  |TAMS 0x0000000705400000, 0x0000000705400000| Untracked 
|  65|0x0000000705500000, 0x0000000705500000, 0x0000000705600000|  0%| F|  |TAMS 0x0000000705500000, 0x0000000705500000| Untracked 
|  66|0x0000000705600000, 0x0000000705600000, 0x0000000705700000|  0%| F|  |TAMS 0x0000000705600000, 0x0000000705600000| Untracked 
|  67|0x0000000705700000, 0x0000000705700000, 0x0000000705800000|  0%| F|  |TAMS 0x0000000705700000, 0x0000000705700000| Untracked 
|  68|0x0000000705800000, 0x0000000705800000, 0x0000000705900000|  0%| F|  |TAMS 0x0000000705800000, 0x0000000705800000| Untracked 
|  69|0x0000000705900000, 0x0000000705900000, 0x0000000705a00000|  0%| F|  |TAMS 0x0000000705900000, 0x0000000705900000| Untracked 
|  70|0x0000000705a00000, 0x0000000705a00000, 0x0000000705b00000|  0%| F|  |TAMS 0x0000000705a00000, 0x0000000705a00000| Untracked 
|  71|0x0000000705b00000, 0x0000000705b00000, 0x0000000705c00000|  0%| F|  |TAMS 0x0000000705b00000, 0x0000000705b00000| Untracked 
|  72|0x0000000705c00000, 0x0000000705c00000, 0x0000000705d00000|  0%| F|  |TAMS 0x0000000705c00000, 0x0000000705c00000| Untracked 
|  73|0x0000000705d00000, 0x0000000705d00000, 0x0000000705e00000|  0%| F|  |TAMS 0x0000000705d00000, 0x0000000705d00000| Untracked 
|  74|0x0000000705e00000, 0x0000000705e00000, 0x0000000705f00000|  0%| F|  |TAMS 0x0000000705e00000, 0x0000000705e00000| Untracked 
|  75|0x0000000705f00000, 0x0000000705f00000, 0x0000000706000000|  0%| F|  |TAMS 0x0000000705f00000, 0x0000000705f00000| Untracked 
|  76|0x0000000706000000, 0x0000000706000000, 0x0000000706100000|  0%| F|  |TAMS 0x0000000706000000, 0x0000000706000000| Untracked 
|  77|0x0000000706100000, 0x0000000706200000, 0x0000000706200000|100%| S|CS|TAMS 0x0000000706100000, 0x0000000706100000| Complete 
|  78|0x0000000706200000, 0x0000000706300000, 0x0000000706300000|100%| S|CS|TAMS 0x0000000706200000, 0x0000000706200000| Complete 
|  79|0x0000000706300000, 0x0000000706300000, 0x0000000706400000|  0%| F|  |TAMS 0x0000000706300000, 0x0000000706300000| Untracked 
|  80|0x0000000706400000, 0x0000000706400000, 0x0000000706500000|  0%| F|  |TAMS 0x0000000706400000, 0x0000000706400000| Untracked 
|  81|0x0000000706500000, 0x0000000706500000, 0x0000000706600000|  0%| F|  |TAMS 0x0000000706500000, 0x0000000706500000| Untracked 
|  82|0x0000000706600000, 0x0000000706600000, 0x0000000706700000|  0%| F|  |TAMS 0x0000000706600000, 0x0000000706600000| Untracked 
|  83|0x0000000706700000, 0x0000000706700000, 0x0000000706800000|  0%| F|  |TAMS 0x0000000706700000, 0x0000000706700000| Untracked 
|  84|0x0000000706800000, 0x0000000706800000, 0x0000000706900000|  0%| F|  |TAMS 0x0000000706800000, 0x0000000706800000| Untracked 
|  85|0x0000000706900000, 0x0000000706900000, 0x0000000706a00000|  0%| F|  |TAMS 0x0000000706900000, 0x0000000706900000| Untracked 
|  86|0x0000000706a00000, 0x0000000706a00000, 0x0000000706b00000|  0%| F|  |TAMS 0x0000000706a00000, 0x0000000706a00000| Untracked 
|  87|0x0000000706b00000, 0x0000000706b00000, 0x0000000706c00000|  0%| F|  |TAMS 0x0000000706b00000, 0x0000000706b00000| Untracked 

Card table byte_map: [0x00000243eef00000,0x00000243ef700000] _byte_map_base: 0x00000243eb6f6000

Marking Bits (Prev, Next): (CMBitMap*) 0x00000243d63ad550, (CMBitMap*) 0x00000243d63ad518
 Prev Bits: [0x00000243f3eb0000, 0x00000243f7e60000)
 Next Bits: [0x00000243eff00000, 0x00000243f3eb0000)

Polling page: 0x00000243d4af0000

Metaspace:

Usage:
  Non-class:     14.22 MB capacity,    14.07 MB ( 99%) used,   124.89 KB ( <1%) free+waste,    26.38 KB ( <1%) overhead. 
      Class:      1.66 MB capacity,     1.55 MB ( 93%) used,    98.78 KB (  6%) free+waste,    11.50 KB ( <1%) overhead. 
       Both:     15.88 MB capacity,    15.62 MB ( 98%) used,   223.67 KB (  1%) free+waste,    37.88 KB ( <1%) overhead. 

Virtual space:
  Non-class space:       16.00 MB reserved,      14.25 MB ( 89%) committed 
      Class space:        1.00 GB reserved,       1.75 MB ( <1%) committed 
             Both:        1.02 GB reserved,      16.00 MB (  2%) committed 

Chunk freelists:
   Non-Class:  31.00 KB
       Class:  1.00 KB
        Both:  32.00 KB

MaxMetaspaceSize: 17179869184.00 GB
CompressedClassSpaceSize: 1.00 GB
Initial GC threshold: 20.80 MB
Current GC threshold: 23.34 MB
CDS: off

CodeHeap 'non-profiled nmethods': size=120000Kb used=1092Kb max_used=1092Kb free=118907Kb
 bounds [0x00000243e6540000, 0x00000243e67b0000, 0x00000243eda70000]
CodeHeap 'profiled nmethods': size=120000Kb used=5057Kb max_used=5057Kb free=114942Kb
 bounds [0x00000243df010000, 0x00000243df510000, 0x00000243e6540000]
CodeHeap 'non-nmethods': size=5760Kb used=1152Kb max_used=1205Kb free=4607Kb
 bounds [0x00000243dea70000, 0x00000243dece0000, 0x00000243df010000]
 total_blobs=2681 nmethods=2278 adapters=315
 compilation: enabled
              stopped_count=0, restarted_count=0
 full_count=0

Compilation events (20 events):
Event: 2.173 Thread 0x00000243fabc4800 nmethod 2289 0x00000243df4f9790 code [0x00000243df4f9940, 0x00000243df4f9b08]
Event: 2.173 Thread 0x00000243fabc4800 2306       2       jdk.nio.zipfs.ZipConstants::LOCEXT (7 bytes)
Event: 2.173 Thread 0x00000243fabc4800 nmethod 2306 0x00000243df4f9c10 code [0x00000243df4f9dc0, 0x00000243df4f9ef8]
Event: 2.173 Thread 0x00000243fabc4800 2307       2       jdk.nio.zipfs.ZipConstants::LOCNAM (7 bytes)
Event: 2.173 Thread 0x00000243fabc4800 nmethod 2307 0x00000243df4fa010 code [0x00000243df4fa1c0, 0x00000243df4fa2f8]
Event: 2.173 Thread 0x00000243fabc4800 2304       2       jdk.nio.zipfs.ZipConstants::locSigAt (8 bytes)
Event: 2.173 Thread 0x00000243fabc4800 nmethod 2304 0x00000243df4fa410 code [0x00000243df4fa5c0, 0x00000243df4fa6c8]
Event: 2.173 Thread 0x00000243fabc4800 2313       2       com.sun.tools.javac.code.Symbol$PackageSymbol::exists (19 bytes)
Event: 2.173 Thread 0x00000243fabc4800 nmethod 2313 0x00000243df4fa790 code [0x00000243df4fa940, 0x00000243df4faa78]
Event: 2.173 Thread 0x00000243fabc4800 2312       1       java.nio.HeapByteBuffer::isDirect (2 bytes)
Event: 2.173 Thread 0x00000243fabc4800 nmethod 2312 0x00000243e6650e10 code [0x00000243e6650fc0, 0x00000243e6651078]
Event: 2.173 Thread 0x00000243fabc4800 2314       2       com.sun.tools.javac.comp.Resolve::isAccessible (9 bytes)
Event: 2.174 Thread 0x00000243fabc4800 nmethod 2314 0x00000243df4fab10 code [0x00000243df4facc0, 0x00000243df4fade8]
Event: 2.174 Thread 0x00000243fabc4800 2315       2       com.sun.tools.javac.code.Types::capture (556 bytes)
Event: 2.176 Thread 0x00000243fabc4800 nmethod 2315 0x00000243df4fae90 code [0x00000243df4fb3a0, 0x00000243df4fcc78]
Event: 2.176 Thread 0x00000243fabc4800 2319       2       com.sun.tools.javac.comp.Attr::visitIdent (582 bytes)
Event: 2.178 Thread 0x00000243fabc4800 nmethod 2319 0x00000243df4fde10 code [0x00000243df4fe180, 0x00000243df4ff278]
Event: 2.178 Thread 0x00000243fabc4800 2322       2       java.util.Spliterators$ArraySpliterator::forEachRemaining (68 bytes)
Event: 2.179 Thread 0x00000243fabc4800 nmethod 2322 0x00000243df500090 code [0x00000243df500260, 0x00000243df500538]
Event: 2.179 Thread 0x00000243fabc4800 2321       2       java.util.Spliterators::checkFromToBounds (74 bytes)

GC Heap History (20 events):
Event: 1.237 GC heap after
{Heap after GC invocations=23 (full 0):
 garbage-first heap   total 23552K, used 17110K [0x0000000701400000, 0x0000000800000000)
  region size 1024K, 1 young (1024K), 1 survivors (1024K)
 Metaspace       used 13767K, capacity 14004K, committed 14080K, reserved 1062912K
  class space    used 1434K, capacity 1503K, committed 1536K, reserved 1048576K
}
Event: 1.241 GC heap before
{Heap before GC invocations=23 (full 0):
 garbage-first heap   total 23552K, used 17110K [0x0000000701400000, 0x0000000800000000)
  region size 1024K, 2 young (2048K), 1 survivors (1024K)
 Metaspace       used 13768K, capacity 14004K, committed 14080K, reserved 1062912K
  class space    used 1434K, capacity 1503K, committed 1536K, reserved 1048576K
}
Event: 1.242 GC heap after
{Heap after GC invocations=24 (full 0):
 garbage-first heap   total 23552K, used 17267K [0x0000000701400000, 0x0000000800000000)
  region size 1024K, 1 young (1024K), 1 survivors (1024K)
 Metaspace       used 13768K, capacity 14004K, committed 14080K, reserved 1062912K
  class space    used 1434K, capacity 1503K, committed 1536K, reserved 1048576K
}
Event: 1.247 GC heap before
{Heap before GC invocations=24 (full 0):
 garbage-first heap   total 23552K, used 18291K [0x0000000701400000, 0x0000000800000000)
  region size 1024K, 2 young (2048K), 1 survivors (1024K)
 Metaspace       used 13768K, capacity 14004K, committed 14080K, reserved 1062912K
  class space    used 1434K, capacity 1503K, committed 1536K, reserved 1048576K
}
Event: 1.248 GC heap after
{Heap after GC invocations=25 (full 0):
 garbage-first heap   total 35840K, used 17762K [0x0000000701400000, 0x0000000800000000)
  region size 1024K, 1 young (1024K), 1 survivors (1024K)
 Metaspace       used 13768K, capacity 14004K, committed 14080K, reserved 1062912K
  class space    used 1434K, capacity 1503K, committed 1536K, reserved 1048576K
}
Event: 1.284 GC heap before
{Heap before GC invocations=26 (full 0):
 garbage-first heap   total 35840K, used 22882K [0x0000000701400000, 0x0000000800000000)
  region size 1024K, 7 young (7168K), 1 survivors (1024K)
 Metaspace       used 13768K, capacity 14004K, committed 14080K, reserved 1062912K
  class space    used 1434K, capacity 1503K, committed 1536K, reserved 1048576K
}
Event: 1.286 GC heap after
{Heap after GC invocations=27 (full 0):
 garbage-first heap   total 35840K, used 18204K [0x0000000701400000, 0x0000000800000000)
  region size 1024K, 1 young (1024K), 1 survivors (1024K)
 Metaspace       used 13768K, capacity 14004K, committed 14080K, reserved 1062912K
  class space    used 1434K, capacity 1503K, committed 1536K, reserved 1048576K
}
Event: 1.299 GC heap before
{Heap before GC invocations=27 (full 0):
 garbage-first heap   total 35840K, used 20252K [0x0000000701400000, 0x0000000800000000)
  region size 1024K, 4 young (4096K), 1 survivors (1024K)
 Metaspace       used 13768K, capacity 14004K, committed 14080K, reserved 1062912K
  class space    used 1434K, capacity 1503K, committed 1536K, reserved 1048576K
}
Event: 1.300 GC heap after
{Heap after GC invocations=28 (full 0):
 garbage-first heap   total 35840K, used 18493K [0x0000000701400000, 0x0000000800000000)
  region size 1024K, 1 young (1024K), 1 survivors (1024K)
 Metaspace       used 13768K, capacity 14004K, committed 14080K, reserved 1062912K
  class space    used 1434K, capacity 1503K, committed 1536K, reserved 1048576K
}
Event: 1.322 GC heap before
{Heap before GC invocations=29 (full 0):
 garbage-first heap   total 45056K, used 32829K [0x0000000701400000, 0x0000000800000000)
  region size 1024K, 2 young (2048K), 1 survivors (1024K)
 Metaspace       used 13768K, capacity 14004K, committed 14080K, reserved 1062912K
  class space    used 1434K, capacity 1503K, committed 1536K, reserved 1048576K
}
Event: 1.324 GC heap after
{Heap after GC invocations=30 (full 0):
 garbage-first heap   total 45056K, used 18744K [0x0000000701400000, 0x0000000800000000)
  region size 1024K, 1 young (1024K), 1 survivors (1024K)
 Metaspace       used 13768K, capacity 14004K, committed 14080K, reserved 1062912K
  class space    used 1434K, capacity 1503K, committed 1536K, reserved 1048576K
}
Event: 1.347 GC heap before
{Heap before GC invocations=31 (full 0):
 garbage-first heap   total 45056K, used 23864K [0x0000000701400000, 0x0000000800000000)
  region size 1024K, 5 young (5120K), 1 survivors (1024K)
 Metaspace       used 13768K, capacity 14004K, committed 14080K, reserved 1062912K
  class space    used 1434K, capacity 1503K, committed 1536K, reserved 1048576K
}
Event: 1.350 GC heap after
{Heap after GC invocations=32 (full 0):
 garbage-first heap   total 90112K, used 21618K [0x0000000701400000, 0x0000000800000000)
  region size 1024K, 2 young (2048K), 2 survivors (2048K)
 Metaspace       used 13768K, capacity 14004K, committed 14080K, reserved 1062912K
  class space    used 1434K, capacity 1503K, committed 1536K, reserved 1048576K
}
Event: 1.754 GC heap before
{Heap before GC invocations=33 (full 0):
 garbage-first heap   total 90112K, used 53362K [0x0000000701400000, 0x0000000800000000)
  region size 1024K, 29 young (29696K), 2 survivors (2048K)
 Metaspace       used 15110K, capacity 15368K, committed 15488K, reserved 1062912K
  class space    used 1531K, capacity 1637K, committed 1664K, reserved 1048576K
}
Event: 1.766 GC heap after
{Heap after GC invocations=34 (full 0):
 garbage-first heap   total 90112K, used 31293K [0x0000000701400000, 0x0000000800000000)
  region size 1024K, 4 young (4096K), 4 survivors (4096K)
 Metaspace       used 15110K, capacity 15368K, committed 15488K, reserved 1062912K
  class space    used 1531K, capacity 1637K, committed 1664K, reserved 1048576K
}
Event: 2.010 GC heap before
{Heap before GC invocations=34 (full 0):
 garbage-first heap   total 90112K, used 52797K [0x0000000701400000, 0x0000000800000000)
  region size 1024K, 24 young (24576K), 4 survivors (4096K)
 Metaspace       used 15734K, capacity 16052K, committed 16384K, reserved 1064960K
  class space    used 1578K, capacity 1692K, committed 1792K, reserved 1048576K
}
Event: 2.027 GC heap after
{Heap after GC invocations=35 (full 0):
 garbage-first heap   total 90112K, used 42399K [0x0000000701400000, 0x0000000800000000)
  region size 1024K, 3 young (3072K), 3 survivors (3072K)
 Metaspace       used 15734K, capacity 16052K, committed 16384K, reserved 1064960K
  class space    used 1578K, capacity 1692K, committed 1792K, reserved 1048576K
}
Event: 2.074 GC heap before
{Heap before GC invocations=35 (full 0):
 garbage-first heap   total 90112K, used 57759K [0x0000000701400000, 0x0000000800000000)
  region size 1024K, 18 young (18432K), 3 survivors (3072K)
 Metaspace       used 15790K, capacity 16124K, committed 16384K, reserved 1064960K
  class space    used 1582K, capacity 1695K, committed 1792K, reserved 1048576K
}
Event: 2.099 GC heap after
{Heap after GC invocations=36 (full 0):
 garbage-first heap   total 90112K, used 54272K [0x0000000701400000, 0x0000000800000000)
  region size 1024K, 3 young (3072K), 3 survivors (3072K)
 Metaspace       used 15790K, capacity 16124K, committed 16384K, reserved 1064960K
  class space    used 1582K, capacity 1695K, committed 1792K, reserved 1048576K
}
Event: 2.179 GC heap before
{Heap before GC invocations=36 (full 0):
 garbage-first heap   total 90112K, used 63488K [0x0000000701400000, 0x0000000800000000)
  region size 1024K, 12 young (12288K), 3 survivors (3072K)
 Metaspace       used 15994K, capacity 16256K, committed 16384K, reserved 1064960K
  class space    used 1584K, capacity 1695K, committed 1792K, reserved 1048576K
}

Deoptimization events (20 events):
Event: 1.918 Thread 0x00000243d6348000 Uncommon trap: trap_request=0xffffffde fr.pc=0x00000243e661b13c relative=0x000000000000009c
Event: 1.918 Thread 0x00000243d6348000 Uncommon trap: reason=class_check action=maybe_recompile pc=0x00000243e661b13c method=com.sun.tools.javac.tree.JCTree$JCVariableDecl.accept(Lcom/sun/tools/javac/tree/JCTree$Visitor;)V @ 2 c2
Event: 1.918 Thread 0x00000243d6348000 DEOPT PACKING pc=0x00000243e661b13c sp=0x00000097128feb10
Event: 1.918 Thread 0x00000243d6348000 DEOPT UNPACKING pc=0x00000243deaba1af sp=0x00000097128feac8 mode 2
Event: 1.918 Thread 0x00000243d6348000 Uncommon trap: trap_request=0xffffffde fr.pc=0x00000243e661b13c relative=0x000000000000009c
Event: 1.918 Thread 0x00000243d6348000 Uncommon trap: reason=class_check action=maybe_recompile pc=0x00000243e661b13c method=com.sun.tools.javac.tree.JCTree$JCVariableDecl.accept(Lcom/sun/tools/javac/tree/JCTree$Visitor;)V @ 2 c2
Event: 1.919 Thread 0x00000243d6348000 DEOPT PACKING pc=0x00000243e661b13c sp=0x00000097128feb10
Event: 1.919 Thread 0x00000243d6348000 DEOPT UNPACKING pc=0x00000243deaba1af sp=0x00000097128feac8 mode 2
Event: 1.976 Thread 0x00000243d6348000 Uncommon trap: trap_request=0xffffff4d fr.pc=0x00000243e662c268 relative=0x0000000000000128
Event: 1.976 Thread 0x00000243d6348000 Uncommon trap: reason=unstable_if action=reinterpret pc=0x00000243e662c268 method=com.sun.tools.javac.code.Scope$ScopeImpl.getIndex(Lcom/sun/tools/javac/util/Name;)I @ 60 c2
Event: 1.976 Thread 0x00000243d6348000 DEOPT PACKING pc=0x00000243e662c268 sp=0x00000097128fd850
Event: 1.976 Thread 0x00000243d6348000 DEOPT UNPACKING pc=0x00000243deaba1af sp=0x00000097128fd7c0 mode 2
Event: 2.073 Thread 0x00000243d6348000 Uncommon trap: trap_request=0xffffff4d fr.pc=0x00000243e663300c relative=0x000000000000022c
Event: 2.073 Thread 0x00000243d6348000 Uncommon trap: reason=unstable_if action=reinterpret pc=0x00000243e663300c method=com.sun.tools.javac.code.Scope$ScopeImpl.getIndex(Lcom/sun/tools/javac/util/Name;)I @ 60 c2
Event: 2.073 Thread 0x00000243d6348000 DEOPT PACKING pc=0x00000243e663300c sp=0x00000097128fc920
Event: 2.073 Thread 0x00000243d6348000 DEOPT UNPACKING pc=0x00000243deaba1af sp=0x00000097128fc838 mode 2
Event: 2.134 Thread 0x00000243d6348000 Uncommon trap: trap_request=0xffffff4d fr.pc=0x00000243e6644d84 relative=0x0000000000000064
Event: 2.134 Thread 0x00000243d6348000 Uncommon trap: reason=unstable_if action=reinterpret pc=0x00000243e6644d84 method=com.sun.tools.javac.jvm.Code.width(I)I @ 1 c2
Event: 2.134 Thread 0x00000243d6348000 DEOPT PACKING pc=0x00000243e6644d84 sp=0x00000097128fd810
Event: 2.134 Thread 0x00000243d6348000 DEOPT UNPACKING pc=0x00000243deaba1af sp=0x00000097128fd798 mode 2

Classes redefined (0 events):
No events

Internal exceptions (11 events):
Event: 0.399 Thread 0x00000243d6348000 Exception <a 'sun/nio/fs/WindowsException'{0x0000000701b91d28}> (0x0000000701b91d28) thrown at [./src/hotspot/share/prims/jni.cpp, line 615]
Event: 0.400 Thread 0x00000243d6348000 Exception <a 'sun/nio/fs/WindowsException'{0x0000000701b92d98}> (0x0000000701b92d98) thrown at [./src/hotspot/share/prims/jni.cpp, line 615]
Event: 0.400 Thread 0x00000243d6348000 Exception <a 'sun/nio/fs/WindowsException'{0x0000000701b93128}> (0x0000000701b93128) thrown at [./src/hotspot/share/prims/jni.cpp, line 615]
Event: 0.401 Thread 0x00000243d6348000 Exception <a 'sun/nio/fs/WindowsException'{0x0000000701b95660}> (0x0000000701b95660) thrown at [./src/hotspot/share/prims/jni.cpp, line 615]
Event: 0.401 Thread 0x00000243d6348000 Exception <a 'sun/nio/fs/WindowsException'{0x0000000701b95900}> (0x0000000701b95900) thrown at [./src/hotspot/share/prims/jni.cpp, line 615]
Event: 0.402 Thread 0x00000243d6348000 Exception <a 'java/lang/NoSuchMethodError'{0x0000000701b9fe78}: 'int java.lang.invoke.DirectMethodHandle$Holder.invokeVirtual(java.lang.Object, java.lang.Object, java.lang.Object)'> (0x0000000701b9fe78) thrown at [./src/hotspot/share/interpreter/linkResolver.cpp, line 773]
Event: 0.495 Thread 0x00000243d6348000 Exception <a 'java/lang/NoSuchMethodError'{0x0000000701bd6890}: 'int java.lang.invoke.DirectMethodHandle$Holder.invokeStaticInit(java.lang.Object, java.lang.Object)'> (0x0000000701bd6890) thrown at [./src/hotspot/share/interpreter/linkResolver.cpp, line 773]
Event: 0.571 Thread 0x00000243d6348000 Exception <a 'java/lang/NoSuchMethodError'{0x0000000701baca58}: 'int java.lang.invoke.DirectMethodHandle$Holder.invokeVirtual(java.lang.Object, java.lang.Object)'> (0x0000000701baca58) thrown at [./src/hotspot/share/interpreter/linkResolver.cpp, line 773]
Event: 0.577 Thread 0x00000243d6348000 Exception <a 'java/lang/NoSuchMethodError'{0x0000000701bde898}: 'java.lang.Object java.lang.invoke.Invokers$Holder.linkToTargetMethod(java.lang.Object, java.lang.Object, java.lang.Object, java.lang.Object, java.lang.Object, java.lang.Object)'> (0x0000000701bde898) thrown at [./src/hotspot/share/interpreter/linkResolver.cpp, line 773]
Event: 0.903 Thread 0x00000243d6348000 Exception <a 'java/lang/NoSuchMethodError'{0x0000000701cbb898}: 'int java.lang.invoke.DirectMethodHandle$Holder.invokeSpecialIFC(java.lang.Object, java.lang.Object, int)'> (0x0000000701cbb898) thrown at [./src/hotspot/share/interpreter/linkResolver.cpp, line 773]
Event: 1.824 Thread 0x00000243d6348000 Exception <a 'java/lang/NoSuchMethodError'{0x0000000706ab7370}: 'int java.lang.invoke.DirectMethodHandle$Holder.invokeSpecial(java.lang.Object, java.lang.Object, java.lang.Object, java.lang.Object, java.lang.Object)'> (0x0000000706ab7370) thrown at [./src/hotspot/share/interpreter/linkResolver.cpp, line 773]

Events (20 events):
Event: 1.986 loading class com/sun/tools/javac/code/Type done
Event: 1.986 loading class com/sun/tools/javac/code/Type
Event: 1.986 loading class com/sun/tools/javac/code/Type done
Event: 1.986 loading class com/sun/tools/javac/code/Types$TypeMapping
Event: 1.986 loading class com/sun/tools/javac/code/Types$TypeMapping done
Event: 2.010 Executing VM operation: G1CollectForAllocation
Event: 2.027 Executing VM operation: G1CollectForAllocation done
Event: 2.044 loading class com/sun/tools/javac/code/Symbol
Event: 2.044 loading class com/sun/tools/javac/code/Symbol done
Event: 2.044 loading class com/sun/tools/javac/comp/Annotate
Event: 2.044 loading class com/sun/tools/javac/comp/Annotate done
Event: 2.044 loading class com/sun/tools/javac/comp/Env
Event: 2.044 loading class com/sun/tools/javac/comp/Env done
Event: 2.045 loading class com/sun/tools/javac/comp/Annotate
Event: 2.045 loading class com/sun/tools/javac/comp/Annotate done
Event: 2.074 loading class java/lang/Long$LongCache
Event: 2.074 loading class java/lang/Long$LongCache done
Event: 2.074 Executing VM operation: G1CollectForAllocation
Event: 2.099 Executing VM operation: G1CollectForAllocation done
Event: 2.179 Executing VM operation: G1CollectForAllocation


Dynamic libraries:
0x00007ff77d4e0000 - 0x00007ff77d4e7000 	C:\Program Files\Microsoft\jdk-11.0.12.7-hotspot\bin\javac.exe
0x00007fff6ce70000 - 0x00007fff6d068000 	C:\Windows\SYSTEM32\ntdll.dll
0x00007fff6b370000 - 0x00007fff6b42d000 	C:\Windows\System32\KERNEL32.DLL
0x00007fff6a710000 - 0x00007fff6a9de000 	C:\Windows\System32\KERNELBASE.dll
0x00007fff6ab90000 - 0x00007fff6ac90000 	C:\Windows\System32\ucrtbase.dll
0x00007fff41cd0000 - 0x00007fff41ce7000 	C:\Program Files\Microsoft\jdk-11.0.12.7-hotspot\bin\jli.dll
0x00007fff41310000 - 0x00007fff41325000 	C:\Program Files\Microsoft\jdk-11.0.12.7-hotspot\bin\VCRUNTIME140.dll
0x00007fff6cab0000 - 0x00007fff6cc50000 	C:\Windows\System32\USER32.dll
0x00007fff55ec0000 - 0x00007fff5615a000 	C:\Windows\WinSxS\amd64_microsoft.windows.common-controls_6595b64144ccf1df_6.0.19041.1110_none_60b5254171f9507e\COMCTL32.dll
0x00007fff6ad70000 - 0x00007fff6ad92000 	C:\Windows\System32\win32u.dll
0x00007fff6b4b0000 - 0x00007fff6b54e000 	C:\Windows\System32\msvcrt.dll
0x00007fff6bb80000 - 0x00007fff6bbaa000 	C:\Windows\System32\GDI32.dll
0x00007fff6a600000 - 0x00007fff6a70b000 	C:\Windows\System32\gdi32full.dll
0x00007fff6ae30000 - 0x00007fff6aecd000 	C:\Windows\System32\msvcp_win.dll
0x00007fff6c820000 - 0x00007fff6c850000 	C:\Windows\System32\IMM32.DLL
0x00007fff1c2c0000 - 0x00007fff1c35b000 	C:\Program Files\Microsoft\jdk-11.0.12.7-hotspot\bin\msvcp140.dll
0x00007ffe76660000 - 0x00007ffe771c1000 	C:\Program Files\Microsoft\jdk-11.0.12.7-hotspot\bin\server\jvm.dll
0x00007fff6bbb0000 - 0x00007fff6bc5e000 	C:\Windows\System32\ADVAPI32.dll
0x00007fff6b6d0000 - 0x00007fff6b76c000 	C:\Windows\System32\sechost.dll
0x00007fff6cd00000 - 0x00007fff6ce25000 	C:\Windows\System32\RPCRT4.dll
0x00007fff6b6c0000 - 0x00007fff6b6c8000 	C:\Windows\System32\PSAPI.DLL
0x00007fff34090000 - 0x00007fff34099000 	C:\Windows\SYSTEM32\WSOCK32.dll
0x00007fff5ffc0000 - 0x00007fff5ffe7000 	C:\Windows\SYSTEM32\WINMM.dll
0x00007fff63080000 - 0x00007fff6308a000 	C:\Windows\SYSTEM32\VERSION.dll
0x00007fff6c8e0000 - 0x00007fff6c94b000 	C:\Windows\System32\WS2_32.dll
0x00007fff68670000 - 0x00007fff68682000 	C:\Windows\SYSTEM32\kernel.appcore.dll
0x00007fff659d0000 - 0x00007fff659e0000 	C:\Program Files\Microsoft\jdk-11.0.12.7-hotspot\bin\verify.dll
0x00007fff68200000 - 0x00007fff683e4000 	C:\Windows\SYSTEM32\DBGHELP.DLL
0x00007fff49fb0000 - 0x00007fff49fdc000 	C:\Windows\SYSTEM32\dbgcore.DLL
0x00007fff6ada0000 - 0x00007fff6ae22000 	C:\Windows\System32\bcryptPrimitives.dll
0x00007fff3cca0000 - 0x00007fff3ccc8000 	C:\Program Files\Microsoft\jdk-11.0.12.7-hotspot\bin\java.dll
0x00007fff65190000 - 0x00007fff6519a000 	C:\Program Files\Microsoft\jdk-11.0.12.7-hotspot\bin\jimage.dll
0x00007fff3aa50000 - 0x00007fff3aa67000 	C:\Program Files\Microsoft\jdk-11.0.12.7-hotspot\bin\zip.dll
0x00007fff6c0d0000 - 0x00007fff6c814000 	C:\Windows\System32\SHELL32.dll
0x00007fff68690000 - 0x00007fff68e24000 	C:\Windows\SYSTEM32\windows.storage.dll
0x00007fff6aed0000 - 0x00007fff6b224000 	C:\Windows\System32\combase.dll
0x00007fff69ff0000 - 0x00007fff6a020000 	C:\Windows\SYSTEM32\Wldp.dll
0x00007fff6cc50000 - 0x00007fff6ccfd000 	C:\Windows\System32\SHCORE.dll
0x00007fff6b5b0000 - 0x00007fff6b605000 	C:\Windows\System32\shlwapi.dll
0x00007fff6a4d0000 - 0x00007fff6a4ef000 	C:\Windows\SYSTEM32\profapi.dll
0x00007fff2dc80000 - 0x00007fff2dc99000 	C:\Program Files\Microsoft\jdk-11.0.12.7-hotspot\bin\net.dll
0x00007fff5f740000 - 0x00007fff5f84a000 	C:\Windows\SYSTEM32\WINHTTP.dll
0x00007fff69d50000 - 0x00007fff69dba000 	C:\Windows\system32\mswsock.dll
0x00007fff2dc60000 - 0x00007fff2dc72000 	C:\Program Files\Microsoft\jdk-11.0.12.7-hotspot\bin\nio.dll

dbghelp: loaded successfully - version: 4.0.5 - missing functions: none
symbol engine: initialized successfully - sym options: 0x614 - pdb path: .;C:\Program Files\Microsoft\jdk-11.0.12.7-hotspot\bin;C:\Windows\SYSTEM32;C:\Windows\WinSxS\amd64_microsoft.windows.common-controls_6595b64144ccf1df_6.0.19041.1110_none_60b5254171f9507e;C:\Program Files\Microsoft\jdk-11.0.12.7-hotspot\bin\server

VM Arguments:
jvm_args: -Dapplication.home=C:\Program Files\Microsoft\jdk-11.0.12.7-hotspot --add-modules=ALL-DEFAULT -Xms8m -Dfile.encoding=UTF8 -Djdk.module.main=jdk.compiler 
java_command: jdk.compiler/com.sun.tools.javac.Main @C:\Users\NIYYA\AppData\Local\Temp\tmpF956.tmp -target 1.8 -source 1.8
java_class_path (initial): <not set>
Launcher Type: SUN_STANDARD

[Global flags]
     intx CICompilerCount                          = 4                                         {product} {ergonomic}
     uint ConcGCThreads                            = 3                                         {product} {ergonomic}
     uint G1ConcRefinementThreads                  = 10                                        {product} {ergonomic}
   size_t G1HeapRegionSize                         = 1048576                                   {product} {ergonomic}
    uintx GCDrainStackTargetSize                   = 64                                        {product} {ergonomic}
   size_t InitialHeapSize                          = 8388608                                   {product} {command line}
   size_t MarkStackSize                            = 4194304                                   {product} {ergonomic}
   size_t MaxHeapSize                              = 4273995776                                {product} {ergonomic}
   size_t MaxNewSize                               = 2563768320                                {product} {ergonomic}
   size_t MinHeapDeltaBytes                        = 1048576                                   {product} {ergonomic}
    uintx NonNMethodCodeHeapSize                   = 5836300                                {pd product} {ergonomic}
    uintx NonProfiledCodeHeapSize                  = 122910970                              {pd product} {ergonomic}
    uintx ProfiledCodeHeapSize                     = 122910970                              {pd product} {ergonomic}
    uintx ReservedCodeCacheSize                    = 251658240                              {pd product} {ergonomic}
     bool SegmentedCodeCache                       = true                                      {product} {ergonomic}
     bool UseCompressedClassPointers               = true                                 {lp64_product} {ergonomic}
     bool UseCompressedOops                        = true                                 {lp64_product} {ergonomic}
     bool UseG1GC                                  = true                                      {product} {ergonomic}
     bool UseLargePagesIndividualAllocation        = false                                  {pd product} {ergonomic}

Logging:
Log output configuration:
 #0: stdout all=warning uptime,level,tags
 #1: stderr all=off uptime,level,tags

Environment Variables:
JAVA_HOME=C:\Program Files\Microsoft\jdk-11.0.12.7-hotspot
PATH=C:\Program Files\Microsoft\jdk-11.0.12.7-hotspot\bin;E:\Python\Scripts\;E:\Python\;C:\Program Files (x86)\Common Files\Intel\Shared Libraries\redist\intel64\compiler;C:\Windows\system32;C:\Windows;C:\Windows\System32\Wbem;C:\Windows\System32\WindowsPowerShell\v1.0\;C:\Windows\System32\OpenSSH\;C:\Program Files (x86)\NVIDIA Corporation\PhysX\Common;C:\Program Files\NVIDIA Corporation\NVIDIA NvDLISR;C:\Users\NIYYA\AppData\Local\Microsoft\WindowsApps;C:\Users\NIYYA\AppData\Local\Programs\Microsoft VS Code\bin;C:\adb;E:\Nodejs\;C:\Program Files\Git\cmd;C:\Program Files\dotnet\;C:\Program Files\Microsoft SQL Server\Client SDK\ODBC\170\Tools\Binn\;C:\Program Files\Azure Data Studio\bin;C:\Program Files (x86)\Microsoft SQL Server\150\Tools\Binn\;C:\Program Files\Microsoft SQL Server\150\Tools\Binn\;C:\Program Files\Microsoft SQL Server\150\DTS\Binn\;C:\Program Files (x86)\Microsoft SQL Server\150\DTS\Binn\;C:\Program Files\Cloudflare\Cloudflare WARP\;C:\Users\NIYYA\AppData\Local\Microsoft\WindowsApps;C:\Users\NIYYA\AppData\Local\Programs\Microsoft VS Code\bin;C:\Users\NIYYA\.dotnet\tools;C:\Users\NIYYA\AppData\Roaming\npm;C:\Users\NIYYA\AppData\Local\GitHubDesktop\bin;C:\Program Files\Azure Data Studio\bin
USERNAME=NIYYA
OS=Windows_NT
PROCESSOR_IDENTIFIER=Intel64 Family 6 Model 158 Stepping 10, GenuineIntel



---------------  S Y S T E M  ---------------

OS: Windows 10 , 64 bit Build 19041 (10.0.19041.1806)
OS uptime: 5 days 11:23 hours

CPU:total 12 (initial active 12) (6 cores per cpu, 2 threads per core) family 6 model 158 stepping 10 microcode 0xc6, cmov, cx8, fxsr, mmx, sse, sse2, sse3, ssse3, sse4.1, sse4.2, popcnt, avx, avx2, aes, clmul, erms, 3dnowpref, lzcnt, ht, tsc, tscinvbit, bmi1, bmi2, adx, fma

Memory: 4k page, system-wide physical 16303M (732M free)
TotalPageFile size 46767M (AvailPageFile size 128M)
current process WorkingSet (physical memory assigned to process): 190M, peak: 195M
current process commit charge ("private bytes"): 236M, peak: 375M

vm_info: OpenJDK 64-Bit Server VM (11.0.12+7) for windows-amd64 JRE (11.0.12+7), built on Jul 21 2021 15:41:43 by "" with unknown MS VC++:1916

END.
